{"/Users/daixin/Desktop/lexseek/server/lib/oss/client.ts": {"path":"/Users/daixin/Desktop/lexseek/server/lib/oss/client.ts","statementMap":{"0":{"start":{"line":12,"column":4},"end":{"line":14,"column":null}},"1":{"start":{"line":13,"column":8},"end":{"line":13,"column":null}},"2":{"start":{"line":16,"column":16},"end":{"line":19,"column":null}},"3":{"start":{"line":21,"column":4},"end":{"line":39,"column":null}},"4":{"start":{"line":24,"column":23},"end":{"line":29,"column":null}},"5":{"start":{"line":31,"column":8},"end":{"line":36,"column":null}},"6":{"start":{"line":38,"column":8},"end":{"line":38,"column":null}},"7":{"start":{"line":50,"column":4},"end":{"line":50,"column":null}},"8":{"start":{"line":55,"column":4},"end":{"line":74,"column":null}},"9":{"start":{"line":57,"column":8},"end":{"line":57,"column":null}},"10":{"start":{"line":58,"column":8},"end":{"line":65,"column":null}},"11":{"start":{"line":68,"column":8},"end":{"line":73,"column":null}},"12":{"start":{"line":77,"column":4},"end":{"line":86,"column":null}},"13":{"start":{"line":79,"column":25},"end":{"line":81,"column":null}},"14":{"start":{"line":82,"column":8},"end":{"line":82,"column":null}},"15":{"start":{"line":83,"column":8},"end":{"line":83,"column":null}},"16":{"start":{"line":85,"column":8},"end":{"line":85,"column":null}},"17":{"start":{"line":88,"column":19},"end":{"line":88,"column":null}},"18":{"start":{"line":90,"column":4},"end":{"line":94,"column":null}}},"fnMap":{"0":{"name":"getStsCredentials","decl":{"start":{"line":11,"column":15},"end":{"line":11,"column":33}},"loc":{"start":{"line":11,"column":77},"end":{"line":40,"column":null}},"line":11},"1":{"name":"createOssClient","decl":{"start":{"line":48,"column":22},"end":{"line":48,"column":38}},"loc":{"start":{"line":48,"column":112},"end":{"line":95,"column":null}},"line":48}},"branchMap":{"0":{"loc":{"start":{"line":12,"column":4},"end":{"line":14,"column":null}},"type":"if","locations":[{"start":{"line":12,"column":4},"end":{"line":14,"column":null}},{"start":{},"end":{}}],"line":12},"1":{"loc":{"start":{"line":27,"column":12},"end":{"line":27,"column":null}},"type":"binary-expr","locations":[{"start":{"line":27,"column":12},"end":{"line":27,"column":54}},{"start":{"line":27,"column":54},"end":{"line":27,"column":null}}],"line":27},"2":{"loc":{"start":{"line":28,"column":12},"end":{"line":28,"column":null}},"type":"binary-expr","locations":[{"start":{"line":28,"column":12},"end":{"line":28,"column":42}},{"start":{"line":28,"column":42},"end":{"line":28,"column":null}}],"line":28},"3":{"loc":{"start":{"line":48,"column":57},"end":{"line":48,"column":112}},"type":"default-arg","locations":[{"start":{"line":48,"column":77},"end":{"line":48,"column":112}}],"line":48},"4":{"loc":{"start":{"line":55,"column":4},"end":{"line":74,"column":null}},"type":"if","locations":[{"start":{"line":55,"column":4},"end":{"line":74,"column":null}},{"start":{"line":66,"column":11},"end":{"line":74,"column":null}}],"line":55},"5":{"loc":{"start":{"line":77,"column":4},"end":{"line":86,"column":null}},"type":"if","locations":[{"start":{"line":77,"column":4},"end":{"line":86,"column":null}},{"start":{},"end":{}}],"line":77},"6":{"loc":{"start":{"line":77,"column":8},"end":{"line":77,"column":41}},"type":"binary-expr","locations":[{"start":{"line":77,"column":8},"end":{"line":77,"column":20}},{"start":{"line":77,"column":20},"end":{"line":77,"column":41}}],"line":77}},"s":{"0":116,"1":0,"2":116,"3":116,"4":116,"5":115,"6":1,"7":136,"8":136,"9":116,"10":115,"11":19,"12":134,"13":20,"14":20,"15":20,"16":20,"17":134,"18":134},"f":{"0":116,"1":136},"b":{"0":[0,116],"1":[116,1],"2":[116,0],"3":[136],"4":[116,19],"5":[20,114],"6":[134,21]},"meta":{"lastBranch":7,"lastFunction":2,"lastStatement":19,"seen":{"f:11:15:11:33":0,"b:12:4:14:Infinity:undefined:undefined:undefined:undefined":0,"s:12:4:14:Infinity":0,"s:13:8:13:Infinity":1,"s:16:16:19:Infinity":2,"s:21:4:39:Infinity":3,"s:24:23:29:Infinity":4,"b:27:12:27:54:27:54:27:Infinity":1,"b:28:12:28:42:28:42:28:Infinity":2,"s:31:8:36:Infinity":5,"s:38:8:38:Infinity":6,"f:48:22:48:38":1,"b:48:77:48:112":3,"s:50:4:50:Infinity":7,"b:55:4:74:Infinity:66:11:74:Infinity":4,"s:55:4:74:Infinity":8,"s:57:8:57:Infinity":9,"s:58:8:65:Infinity":10,"s:68:8:73:Infinity":11,"b:77:4:86:Infinity:undefined:undefined:undefined:undefined":5,"s:77:4:86:Infinity":12,"b:77:8:77:20:77:20:77:41":6,"s:79:25:81:Infinity":13,"s:82:8:82:Infinity":14,"s:83:8:83:Infinity":15,"s:85:8:85:Infinity":16,"s:88:19:88:Infinity":17,"s:90:4:94:Infinity":18}}}
,"/Users/daixin/Desktop/lexseek/server/lib/oss/delete.ts": {"path":"/Users/daixin/Desktop/lexseek/server/lib/oss/delete.ts","statementMap":{"0":{"start":{"line":15,"column":23},"end":{"line":15,"column":null}},"1":{"start":{"line":17,"column":4},"end":{"line":34,"column":null}},"2":{"start":{"line":18,"column":22},"end":{"line":18,"column":null}},"3":{"start":{"line":20,"column":8},"end":{"line":26,"column":null}},"4":{"start":{"line":22,"column":12},"end":{"line":22,"column":null}},"5":{"start":{"line":25,"column":12},"end":{"line":25,"column":null}},"6":{"start":{"line":29,"column":8},"end":{"line":31,"column":null}},"7":{"start":{"line":33,"column":8},"end":{"line":33,"column":null}}},"fnMap":{"0":{"name":"deleteFile","decl":{"start":{"line":11,"column":22},"end":{"line":11,"column":null}},"loc":{"start":{"line":14,"column":25},"end":{"line":35,"column":null}},"line":14}},"branchMap":{"0":{"loc":{"start":{"line":18,"column":22},"end":{"line":18,"column":null}},"type":"cond-expr","locations":[{"start":{"line":18,"column":50},"end":{"line":18,"column":63}},{"start":{"line":18,"column":63},"end":{"line":18,"column":null}}],"line":18},"1":{"loc":{"start":{"line":20,"column":8},"end":{"line":26,"column":null}},"type":"if","locations":[{"start":{"line":20,"column":8},"end":{"line":26,"column":null}},{"start":{"line":23,"column":15},"end":{"line":26,"column":null}}],"line":20}},"s":{"0":19,"1":19,"2":19,"3":19,"4":17,"5":2,"6":18,"7":1},"f":{"0":19},"b":{"0":[2,17],"1":[17,2]},"meta":{"lastBranch":2,"lastFunction":1,"lastStatement":8,"seen":{"f:11:22:11:Infinity":0,"s:15:23:15:Infinity":0,"s:17:4:34:Infinity":1,"s:18:22:18:Infinity":2,"b:18:50:18:63:18:63:18:Infinity":0,"b:20:8:26:Infinity:23:15:26:Infinity":1,"s:20:8:26:Infinity":3,"s:22:12:22:Infinity":4,"s:25:12:25:Infinity":5,"s:29:8:31:Infinity":6,"s:33:8:33:Infinity":7}}}
,"/Users/daixin/Desktop/lexseek/server/lib/oss/download.ts": {"path":"/Users/daixin/Desktop/lexseek/server/lib/oss/download.ts","statementMap":{"0":{"start":{"line":18,"column":23},"end":{"line":18,"column":null}},"1":{"start":{"line":20,"column":4},"end":{"line":41,"column":null}},"2":{"start":{"line":22,"column":48},"end":{"line":22,"column":null}},"3":{"start":{"line":24,"column":8},"end":{"line":28,"column":null}},"4":{"start":{"line":25,"column":12},"end":{"line":27,"column":null}},"5":{"start":{"line":31,"column":23},"end":{"line":31,"column":null}},"6":{"start":{"line":34,"column":8},"end":{"line":34,"column":null}},"7":{"start":{"line":37,"column":8},"end":{"line":39,"column":null}},"8":{"start":{"line":38,"column":12},"end":{"line":38,"column":null}},"9":{"start":{"line":40,"column":8},"end":{"line":40,"column":null}},"10":{"start":{"line":56,"column":23},"end":{"line":56,"column":null}},"11":{"start":{"line":58,"column":4},"end":{"line":78,"column":null}},"12":{"start":{"line":60,"column":48},"end":{"line":60,"column":null}},"13":{"start":{"line":62,"column":8},"end":{"line":66,"column":null}},"14":{"start":{"line":63,"column":12},"end":{"line":65,"column":null}},"15":{"start":{"line":69,"column":23},"end":{"line":69,"column":null}},"16":{"start":{"line":71,"column":8},"end":{"line":71,"column":null}},"17":{"start":{"line":74,"column":8},"end":{"line":76,"column":null}},"18":{"start":{"line":75,"column":12},"end":{"line":75,"column":null}},"19":{"start":{"line":77,"column":8},"end":{"line":77,"column":null}}},"fnMap":{"0":{"name":"downloadFile","decl":{"start":{"line":13,"column":22},"end":{"line":13,"column":null}},"loc":{"start":{"line":17,"column":19},"end":{"line":42,"column":null}},"line":17},"1":{"name":"downloadFileStream","decl":{"start":{"line":51,"column":22},"end":{"line":51,"column":null}},"loc":{"start":{"line":55,"column":21},"end":{"line":79,"column":null}},"line":55}},"branchMap":{"0":{"loc":{"start":{"line":16,"column":4},"end":{"line":16,"column":null}},"type":"default-arg","locations":[{"start":{"line":16,"column":31},"end":{"line":16,"column":null}}],"line":16},"1":{"loc":{"start":{"line":24,"column":8},"end":{"line":28,"column":null}},"type":"if","locations":[{"start":{"line":24,"column":8},"end":{"line":28,"column":null}},{"start":{},"end":{}}],"line":24},"2":{"loc":{"start":{"line":37,"column":8},"end":{"line":39,"column":null}},"type":"if","locations":[{"start":{"line":37,"column":8},"end":{"line":39,"column":null}},{"start":{},"end":{}}],"line":37},"3":{"loc":{"start":{"line":37,"column":12},"end":{"line":37,"column":64}},"type":"binary-expr","locations":[{"start":{"line":37,"column":12},"end":{"line":37,"column":42}},{"start":{"line":37,"column":42},"end":{"line":37,"column":64}}],"line":37},"4":{"loc":{"start":{"line":54,"column":4},"end":{"line":54,"column":null}},"type":"default-arg","locations":[{"start":{"line":54,"column":31},"end":{"line":54,"column":null}}],"line":54},"5":{"loc":{"start":{"line":62,"column":8},"end":{"line":66,"column":null}},"type":"if","locations":[{"start":{"line":62,"column":8},"end":{"line":66,"column":null}},{"start":{},"end":{}}],"line":62},"6":{"loc":{"start":{"line":74,"column":8},"end":{"line":76,"column":null}},"type":"if","locations":[{"start":{"line":74,"column":8},"end":{"line":76,"column":null}},{"start":{},"end":{}}],"line":74},"7":{"loc":{"start":{"line":74,"column":12},"end":{"line":74,"column":64}},"type":"binary-expr","locations":[{"start":{"line":74,"column":12},"end":{"line":74,"column":42}},{"start":{"line":74,"column":42},"end":{"line":74,"column":64}}],"line":74}},"s":{"0":12,"1":12,"2":12,"3":12,"4":2,"5":12,"6":9,"7":3,"8":3,"9":0,"10":6,"11":6,"12":6,"13":6,"14":1,"15":6,"16":3,"17":3,"18":3,"19":0},"f":{"0":12,"1":6},"b":{"0":[12],"1":[2,10],"2":[3,0],"3":[3,0],"4":[6],"5":[1,5],"6":[3,0],"7":[3,0]},"meta":{"lastBranch":8,"lastFunction":2,"lastStatement":20,"seen":{"f:13:22:13:Infinity":0,"b:16:31:16:Infinity":0,"s:18:23:18:Infinity":0,"s:20:4:41:Infinity":1,"s:22:48:22:Infinity":2,"b:24:8:28:Infinity:undefined:undefined:undefined:undefined":1,"s:24:8:28:Infinity":3,"s:25:12:27:Infinity":4,"s:31:23:31:Infinity":5,"s:34:8:34:Infinity":6,"b:37:8:39:Infinity:undefined:undefined:undefined:undefined":2,"s:37:8:39:Infinity":7,"b:37:12:37:42:37:42:37:64":3,"s:38:12:38:Infinity":8,"s:40:8:40:Infinity":9,"f:51:22:51:Infinity":1,"b:54:31:54:Infinity":4,"s:56:23:56:Infinity":10,"s:58:4:78:Infinity":11,"s:60:48:60:Infinity":12,"b:62:8:66:Infinity:undefined:undefined:undefined:undefined":5,"s:62:8:66:Infinity":13,"s:63:12:65:Infinity":14,"s:69:23:69:Infinity":15,"s:71:8:71:Infinity":16,"b:74:8:76:Infinity:undefined:undefined:undefined:undefined":6,"s:74:8:76:Infinity":17,"b:74:12:74:42:74:42:74:64":7,"s:75:12:75:Infinity":18,"s:77:8:77:Infinity":19}}}
,"/Users/daixin/Desktop/lexseek/server/lib/oss/errors.ts": {"path":"/Users/daixin/Desktop/lexseek/server/lib/oss/errors.ts","statementMap":{"0":{"start":{"line":6,"column":8},"end":{"line":6,"column":null}},"1":{"start":{"line":7,"column":8},"end":{"line":7,"column":null}},"2":{"start":{"line":16,"column":8},"end":{"line":16,"column":null}},"3":{"start":{"line":17,"column":8},"end":{"line":17,"column":null}},"4":{"start":{"line":26,"column":8},"end":{"line":26,"column":null}},"5":{"start":{"line":27,"column":8},"end":{"line":27,"column":null}},"6":{"start":{"line":36,"column":8},"end":{"line":36,"column":null}},"7":{"start":{"line":37,"column":8},"end":{"line":37,"column":null}},"8":{"start":{"line":46,"column":8},"end":{"line":46,"column":null}},"9":{"start":{"line":47,"column":8},"end":{"line":47,"column":null}},"10":{"start":{"line":56,"column":8},"end":{"line":56,"column":null}},"11":{"start":{"line":57,"column":8},"end":{"line":57,"column":null}},"12":{"start":{"line":66,"column":8},"end":{"line":66,"column":null}},"13":{"start":{"line":67,"column":8},"end":{"line":67,"column":null}}},"fnMap":{"0":{"name":"(anonymous_0)","decl":{"start":{"line":5,"column":4},"end":{"line":5,"column":16}},"loc":{"start":{"line":5,"column":33},"end":{"line":8,"column":null}},"line":5},"1":{"name":"(anonymous_1)","decl":{"start":{"line":15,"column":4},"end":{"line":15,"column":16}},"loc":{"start":{"line":15,"column":33},"end":{"line":18,"column":null}},"line":15},"2":{"name":"(anonymous_2)","decl":{"start":{"line":25,"column":4},"end":{"line":25,"column":16}},"loc":{"start":{"line":25,"column":36},"end":{"line":28,"column":null}},"line":25},"3":{"name":"(anonymous_3)","decl":{"start":{"line":35,"column":4},"end":{"line":35,"column":16}},"loc":{"start":{"line":35,"column":32},"end":{"line":38,"column":null}},"line":35},"4":{"name":"(anonymous_4)","decl":{"start":{"line":45,"column":4},"end":{"line":45,"column":16}},"loc":{"start":{"line":45,"column":32},"end":{"line":48,"column":null}},"line":45},"5":{"name":"(anonymous_5)","decl":{"start":{"line":55,"column":4},"end":{"line":55,"column":16}},"loc":{"start":{"line":55,"column":32},"end":{"line":58,"column":null}},"line":55},"6":{"name":"(anonymous_6)","decl":{"start":{"line":65,"column":4},"end":{"line":65,"column":16}},"loc":{"start":{"line":65,"column":32},"end":{"line":68,"column":null}},"line":65}},"branchMap":{},"s":{"0":220,"1":220,"2":105,"3":105,"4":108,"5":108,"6":104,"7":104,"8":103,"9":103,"10":104,"11":104,"12":102,"13":102},"f":{"0":220,"1":105,"2":108,"3":104,"4":103,"5":104,"6":102},"b":{},"meta":{"lastBranch":0,"lastFunction":7,"lastStatement":14,"seen":{"f:5:4:5:16":0,"s:6:8:6:Infinity":0,"s:7:8:7:Infinity":1,"f:15:4:15:16":1,"s:16:8:16:Infinity":2,"s:17:8:17:Infinity":3,"f:25:4:25:16":2,"s:26:8:26:Infinity":4,"s:27:8:27:Infinity":5,"f:35:4:35:16":3,"s:36:8:36:Infinity":6,"s:37:8:37:Infinity":7,"f:45:4:45:16":4,"s:46:8:46:Infinity":8,"s:47:8:47:Infinity":9,"f:55:4:55:16":5,"s:56:8:56:Infinity":10,"s:57:8:57:Infinity":11,"f:65:4:65:16":6,"s:66:8:66:Infinity":12,"s:67:8:67:Infinity":13}}}
,"/Users/daixin/Desktop/lexseek/server/lib/oss/index.ts": {"path":"/Users/daixin/Desktop/lexseek/server/lib/oss/index.ts","statementMap":{},"fnMap":{},"branchMap":{},"s":{},"f":{},"b":{},"meta":{"lastBranch":0,"lastFunction":0,"lastStatement":0,"seen":{}}}
,"/Users/daixin/Desktop/lexseek/server/lib/oss/postSignature.ts": {"path":"/Users/daixin/Desktop/lexseek/server/lib/oss/postSignature.ts","statementMap":{"0":{"start":{"line":31,"column":23},"end":{"line":31,"column":null}},"1":{"start":{"line":35,"column":4},"end":{"line":42,"column":null}},"2":{"start":{"line":36,"column":8},"end":{"line":36,"column":null}},"3":{"start":{"line":37,"column":8},"end":{"line":41,"column":null}},"4":{"start":{"line":39,"column":34},"end":{"line":39,"column":null}},"5":{"start":{"line":40,"column":12},"end":{"line":40,"column":null}},"6":{"start":{"line":45,"column":4},"end":{"line":54,"column":null}},"7":{"start":{"line":46,"column":8},"end":{"line":53,"column":null}},"8":{"start":{"line":48,"column":27},"end":{"line":48,"column":null}},"9":{"start":{"line":49,"column":12},"end":{"line":52,"column":null}},"10":{"start":{"line":51,"column":16},"end":{"line":51,"column":null}},"11":{"start":{"line":57,"column":48},"end":{"line":61,"column":null}},"12":{"start":{"line":63,"column":4},"end":{"line":66,"column":null}},"13":{"start":{"line":75,"column":68},"end":{"line":75,"column":null}},"14":{"start":{"line":78,"column":4},"end":{"line":83,"column":null}},"15":{"start":{"line":79,"column":8},"end":{"line":81,"column":null}},"16":{"start":{"line":80,"column":12},"end":{"line":80,"column":null}},"17":{"start":{"line":82,"column":8},"end":{"line":82,"column":null}},"18":{"start":{"line":86,"column":4},"end":{"line":88,"column":null}},"19":{"start":{"line":87,"column":8},"end":{"line":87,"column":null}},"20":{"start":{"line":91,"column":25},"end":{"line":91,"column":null}},"21":{"start":{"line":92,"column":16},"end":{"line":92,"column":null}},"22":{"start":{"line":94,"column":4},"end":{"line":103,"column":null}},"23":{"start":{"line":96,"column":12},"end":{"line":96,"column":null}},"24":{"start":{"line":98,"column":12},"end":{"line":98,"column":null}},"25":{"start":{"line":100,"column":12},"end":{"line":100,"column":null}},"26":{"start":{"line":102,"column":12},"end":{"line":102,"column":null}},"27":{"start":{"line":117,"column":68},"end":{"line":122,"column":null}},"28":{"start":{"line":125,"column":4},"end":{"line":127,"column":null}},"29":{"start":{"line":126,"column":8},"end":{"line":126,"column":null}},"30":{"start":{"line":130,"column":4},"end":{"line":136,"column":null}},"31":{"start":{"line":131,"column":8},"end":{"line":135,"column":null}},"32":{"start":{"line":141,"column":4},"end":{"line":164,"column":null}},"33":{"start":{"line":143,"column":22},"end":{"line":143,"column":null}},"34":{"start":{"line":144,"column":27},"end":{"line":144,"column":null}},"35":{"start":{"line":146,"column":8},"end":{"line":160,"column":null}},"36":{"start":{"line":148,"column":12},"end":{"line":148,"column":null}},"37":{"start":{"line":151,"column":30},"end":{"line":151,"column":null}},"38":{"start":{"line":152,"column":12},"end":{"line":159,"column":null}},"39":{"start":{"line":152,"column":25},"end":{"line":152,"column":28}},"40":{"start":{"line":153,"column":29},"end":{"line":153,"column":null}},"41":{"start":{"line":154,"column":16},"end":{"line":158,"column":null}},"42":{"start":{"line":154,"column":37},"end":{"line":154,"column":50}},"43":{"start":{"line":155,"column":20},"end":{"line":155,"column":null}},"44":{"start":{"line":157,"column":20},"end":{"line":157,"column":null}},"45":{"start":{"line":163,"column":8},"end":{"line":163,"column":null}},"46":{"start":{"line":166,"column":4},"end":{"line":166,"column":null}},"47":{"start":{"line":180,"column":36},"end":{"line":180,"column":null}},"48":{"start":{"line":183,"column":30},"end":{"line":183,"column":null}},"49":{"start":{"line":184,"column":17},"end":{"line":184,"column":null}},"50":{"start":{"line":185,"column":27},"end":{"line":185,"column":null}},"51":{"start":{"line":186,"column":4},"end":{"line":186,"column":null}},"52":{"start":{"line":189,"column":10},"end":{"line":189,"column":null}},"53":{"start":{"line":190,"column":20},"end":{"line":190,"column":null}},"54":{"start":{"line":193,"column":24},"end":{"line":193,"column":null}},"55":{"start":{"line":194,"column":26},"end":{"line":194,"column":null}},"56":{"start":{"line":197,"column":10},"end":{"line":201,"column":null}},"57":{"start":{"line":206,"column":4},"end":{"line":210,"column":null}},"58":{"start":{"line":207,"column":31},"end":{"line":207,"column":null}},"59":{"start":{"line":208,"column":8},"end":{"line":208,"column":null}},"60":{"start":{"line":209,"column":8},"end":{"line":209,"column":null}},"61":{"start":{"line":213,"column":29},"end":{"line":219,"column":null}},"62":{"start":{"line":222,"column":19},"end":{"line":225,"column":null}},"63":{"start":{"line":228,"column":22},"end":{"line":228,"column":null}},"64":{"start":{"line":229,"column":10},"end":{"line":229,"column":null}},"65":{"start":{"line":230,"column":10},"end":{"line":230,"column":null}},"66":{"start":{"line":233,"column":40},"end":{"line":241,"column":null}},"67":{"start":{"line":244,"column":4},"end":{"line":247,"column":null}},"68":{"start":{"line":245,"column":25},"end":{"line":245,"column":null}},"69":{"start":{"line":246,"column":8},"end":{"line":246,"column":null}},"70":{"start":{"line":250,"column":4},"end":{"line":259,"column":null}},"71":{"start":{"line":251,"column":8},"end":{"line":251,"column":null}},"72":{"start":{"line":255,"column":8},"end":{"line":258,"column":null}},"73":{"start":{"line":256,"column":12},"end":{"line":256,"column":null}},"74":{"start":{"line":257,"column":12},"end":{"line":257,"column":null}},"75":{"start":{"line":262,"column":4},"end":{"line":264,"column":null}},"76":{"start":{"line":263,"column":8},"end":{"line":263,"column":null}},"77":{"start":{"line":266,"column":4},"end":{"line":266,"column":null}}},"fnMap":{"0":{"name":"buildCallbackString","decl":{"start":{"line":30,"column":9},"end":{"line":30,"column":29}},"loc":{"start":{"line":30,"column":131},"end":{"line":67,"column":null}},"line":30},"1":{"name":"generateFileName","decl":{"start":{"line":74,"column":9},"end":{"line":74,"column":26}},"loc":{"start":{"line":74,"column":59},"end":{"line":104,"column":null}},"line":74},"2":{"name":"buildPolicyConditions","decl":{"start":{"line":110,"column":9},"end":{"line":110,"column":null}},"loc":{"start":{"line":116,"column":41},"end":{"line":167,"column":null}},"line":116},"3":{"name":"(anonymous_3)","decl":{"start":{"line":154,"column":32},"end":{"line":154,"column":37}},"loc":{"start":{"line":154,"column":37},"end":{"line":154,"column":50}},"line":154},"4":{"name":"generatePostSignature","decl":{"start":{"line":175,"column":22},"end":{"line":175,"column":null}},"loc":{"start":{"line":178,"column":32},"end":{"line":267,"column":null}},"line":178}},"branchMap":{"0":{"loc":{"start":{"line":31,"column":23},"end":{"line":31,"column":null}},"type":"binary-expr","locations":[{"start":{"line":31,"column":23},"end":{"line":31,"column":48}},{"start":{"line":31,"column":48},"end":{"line":31,"column":null}}],"line":31},"1":{"loc":{"start":{"line":35,"column":4},"end":{"line":42,"column":null}},"type":"if","locations":[{"start":{"line":35,"column":4},"end":{"line":42,"column":null}},{"start":{},"end":{}}],"line":35},"2":{"loc":{"start":{"line":39,"column":34},"end":{"line":39,"column":null}},"type":"cond-expr","locations":[{"start":{"line":39,"column":57},"end":{"line":39,"column":63}},{"start":{"line":39,"column":63},"end":{"line":39,"column":null}}],"line":39},"3":{"loc":{"start":{"line":45,"column":4},"end":{"line":54,"column":null}},"type":"if","locations":[{"start":{"line":45,"column":4},"end":{"line":54,"column":null}},{"start":{},"end":{}}],"line":45},"4":{"loc":{"start":{"line":49,"column":12},"end":{"line":52,"column":null}},"type":"if","locations":[{"start":{"line":49,"column":12},"end":{"line":52,"column":null}},{"start":{},"end":{}}],"line":49},"5":{"loc":{"start":{"line":60,"column":26},"end":{"line":60,"column":null}},"type":"binary-expr","locations":[{"start":{"line":60,"column":26},"end":{"line":60,"column":55}},{"start":{"line":60,"column":55},"end":{"line":60,"column":null}}],"line":60},"6":{"loc":{"start":{"line":75,"column":30},"end":{"line":75,"column":49}},"type":"default-arg","locations":[{"start":{"line":75,"column":41},"end":{"line":75,"column":49}}],"line":75},"7":{"loc":{"start":{"line":78,"column":4},"end":{"line":83,"column":null}},"type":"if","locations":[{"start":{"line":78,"column":4},"end":{"line":83,"column":null}},{"start":{},"end":{}}],"line":78},"8":{"loc":{"start":{"line":79,"column":8},"end":{"line":81,"column":null}},"type":"if","locations":[{"start":{"line":79,"column":8},"end":{"line":81,"column":null}},{"start":{},"end":{}}],"line":79},"9":{"loc":{"start":{"line":86,"column":4},"end":{"line":88,"column":null}},"type":"if","locations":[{"start":{"line":86,"column":4},"end":{"line":88,"column":null}},{"start":{},"end":{}}],"line":86},"10":{"loc":{"start":{"line":92,"column":16},"end":{"line":92,"column":null}},"type":"cond-expr","locations":[{"start":{"line":92,"column":35},"end":{"line":92,"column":78}},{"start":{"line":92,"column":78},"end":{"line":92,"column":null}}],"line":92},"11":{"loc":{"start":{"line":94,"column":4},"end":{"line":103,"column":null}},"type":"switch","locations":[{"start":{"line":95,"column":8},"end":{"line":96,"column":null}},{"start":{"line":97,"column":8},"end":{"line":98,"column":null}},{"start":{"line":99,"column":8},"end":{"line":100,"column":null}},{"start":{"line":101,"column":8},"end":{"line":102,"column":null}}],"line":94},"12":{"loc":{"start":{"line":125,"column":4},"end":{"line":127,"column":null}},"type":"if","locations":[{"start":{"line":125,"column":4},"end":{"line":127,"column":null}},{"start":{},"end":{}}],"line":125},"13":{"loc":{"start":{"line":130,"column":4},"end":{"line":136,"column":null}},"type":"if","locations":[{"start":{"line":130,"column":4},"end":{"line":136,"column":null}},{"start":{},"end":{}}],"line":130},"14":{"loc":{"start":{"line":141,"column":4},"end":{"line":164,"column":null}},"type":"if","locations":[{"start":{"line":141,"column":4},"end":{"line":164,"column":null}},{"start":{},"end":{}}],"line":141},"15":{"loc":{"start":{"line":141,"column":8},"end":{"line":141,"column":70}},"type":"binary-expr","locations":[{"start":{"line":141,"column":8},"end":{"line":141,"column":35}},{"start":{"line":141,"column":35},"end":{"line":141,"column":70}}],"line":141},"16":{"loc":{"start":{"line":146,"column":8},"end":{"line":160,"column":null}},"type":"if","locations":[{"start":{"line":146,"column":8},"end":{"line":160,"column":null}},{"start":{"line":149,"column":15},"end":{"line":160,"column":null}}],"line":146},"17":{"loc":{"start":{"line":154,"column":16},"end":{"line":158,"column":null}},"type":"if","locations":[{"start":{"line":154,"column":16},"end":{"line":158,"column":null}},{"start":{"line":156,"column":23},"end":{"line":158,"column":null}}],"line":154},"18":{"loc":{"start":{"line":177,"column":4},"end":{"line":177,"column":null}},"type":"default-arg","locations":[{"start":{"line":177,"column":36},"end":{"line":177,"column":null}}],"line":177},"19":{"loc":{"start":{"line":183,"column":30},"end":{"line":183,"column":null}},"type":"binary-expr","locations":[{"start":{"line":183,"column":30},"end":{"line":183,"column":59}},{"start":{"line":183,"column":59},"end":{"line":183,"column":null}}],"line":183},"20":{"loc":{"start":{"line":193,"column":24},"end":{"line":193,"column":null}},"type":"binary-expr","locations":[{"start":{"line":193,"column":24},"end":{"line":193,"column":52}},{"start":{"line":193,"column":52},"end":{"line":193,"column":null}}],"line":193},"21":{"loc":{"start":{"line":206,"column":4},"end":{"line":210,"column":null}},"type":"if","locations":[{"start":{"line":206,"column":4},"end":{"line":210,"column":null}},{"start":{},"end":{}}],"line":206},"22":{"loc":{"start":{"line":240,"column":13},"end":{"line":240,"column":null}},"type":"binary-expr","locations":[{"start":{"line":240,"column":13},"end":{"line":240,"column":28}},{"start":{"line":240,"column":28},"end":{"line":240,"column":null}}],"line":240},"23":{"loc":{"start":{"line":244,"column":4},"end":{"line":247,"column":null}},"type":"if","locations":[{"start":{"line":244,"column":4},"end":{"line":247,"column":null}},{"start":{},"end":{}}],"line":244},"24":{"loc":{"start":{"line":246,"column":22},"end":{"line":246,"column":43}},"type":"binary-expr","locations":[{"start":{"line":246,"column":22},"end":{"line":246,"column":37}},{"start":{"line":246,"column":37},"end":{"line":246,"column":43}}],"line":246},"25":{"loc":{"start":{"line":250,"column":4},"end":{"line":259,"column":null}},"type":"if","locations":[{"start":{"line":250,"column":4},"end":{"line":259,"column":null}},{"start":{},"end":{}}],"line":250},"26":{"loc":{"start":{"line":255,"column":8},"end":{"line":258,"column":null}},"type":"if","locations":[{"start":{"line":255,"column":8},"end":{"line":258,"column":null}},{"start":{},"end":{}}],"line":255},"27":{"loc":{"start":{"line":255,"column":12},"end":{"line":255,"column":84}},"type":"binary-expr","locations":[{"start":{"line":255,"column":12},"end":{"line":255,"column":37}},{"start":{"line":255,"column":37},"end":{"line":255,"column":84}}],"line":255},"28":{"loc":{"start":{"line":262,"column":4},"end":{"line":264,"column":null}},"type":"if","locations":[{"start":{"line":262,"column":4},"end":{"line":264,"column":null}},{"start":{},"end":{}}],"line":262}},"s":{"0":3,"1":3,"2":1,"3":1,"4":2,"5":2,"6":3,"7":1,"8":2,"9":2,"10":2,"11":3,"12":3,"13":26,"14":26,"15":4,"16":1,"17":3,"18":22,"19":2,"20":20,"21":20,"22":26,"23":12,"24":3,"25":5,"26":0,"27":45,"28":45,"29":33,"30":45,"31":2,"32":45,"33":2,"34":2,"35":2,"36":1,"37":1,"38":1,"39":1,"40":7,"41":7,"42":14,"43":6,"44":1,"45":2,"46":45,"47":45,"48":45,"49":45,"50":45,"51":45,"52":45,"53":45,"54":45,"55":45,"56":45,"57":45,"58":3,"59":3,"60":3,"61":45,"62":45,"63":45,"64":45,"65":45,"66":45,"67":45,"68":26,"69":26,"70":42,"71":3,"72":3,"73":1,"74":1,"75":42,"76":30,"77":42},"f":{"0":3,"1":26,"2":45,"3":14,"4":45},"b":{"0":[3,0],"1":[1,2],"2":[0,2],"3":[1,2],"4":[2,0],"5":[3,3],"6":[26],"7":[4,22],"8":[1,3],"9":[2,20],"10":[17,3],"11":[12,3,5,0],"12":[33,12],"13":[2,43],"14":[2,43],"15":[45,2],"16":[1,1],"17":[6,1],"18":[45],"19":[45,44],"20":[45,12],"21":[3,42],"22":[45,0],"23":[26,19],"24":[26,0],"25":[3,39],"26":[1,2],"27":[3,1],"28":[30,12]},"meta":{"lastBranch":29,"lastFunction":5,"lastStatement":78,"seen":{"f:30:9:30:29":0,"s:31:23:31:Infinity":0,"b:31:23:31:48:31:48:31:Infinity":0,"b:35:4:42:Infinity:undefined:undefined:undefined:undefined":1,"s:35:4:42:Infinity":1,"s:36:8:36:Infinity":2,"s:37:8:41:Infinity":3,"s:39:34:39:Infinity":4,"b:39:57:39:63:39:63:39:Infinity":2,"s:40:12:40:Infinity":5,"b:45:4:54:Infinity:undefined:undefined:undefined:undefined":3,"s:45:4:54:Infinity":6,"s:46:8:53:Infinity":7,"s:48:27:48:Infinity":8,"b:49:12:52:Infinity:undefined:undefined:undefined:undefined":4,"s:49:12:52:Infinity":9,"s:51:16:51:Infinity":10,"s:57:48:61:Infinity":11,"b:60:26:60:55:60:55:60:Infinity":5,"s:63:4:66:Infinity":12,"f:74:9:74:26":1,"s:75:68:75:Infinity":13,"b:75:41:75:49":6,"b:78:4:83:Infinity:undefined:undefined:undefined:undefined":7,"s:78:4:83:Infinity":14,"b:79:8:81:Infinity:undefined:undefined:undefined:undefined":8,"s:79:8:81:Infinity":15,"s:80:12:80:Infinity":16,"s:82:8:82:Infinity":17,"b:86:4:88:Infinity:undefined:undefined:undefined:undefined":9,"s:86:4:88:Infinity":18,"s:87:8:87:Infinity":19,"s:91:25:91:Infinity":20,"s:92:16:92:Infinity":21,"b:92:35:92:78:92:78:92:Infinity":10,"b:95:8:96:Infinity:97:8:98:Infinity:99:8:100:Infinity:101:8:102:Infinity":11,"s:94:4:103:Infinity":22,"s:96:12:96:Infinity":23,"s:98:12:98:Infinity":24,"s:100:12:100:Infinity":25,"s:102:12:102:Infinity":26,"f:110:9:110:Infinity":2,"s:117:68:122:Infinity":27,"b:125:4:127:Infinity:undefined:undefined:undefined:undefined":12,"s:125:4:127:Infinity":28,"s:126:8:126:Infinity":29,"b:130:4:136:Infinity:undefined:undefined:undefined:undefined":13,"s:130:4:136:Infinity":30,"s:131:8:135:Infinity":31,"b:141:4:164:Infinity:undefined:undefined:undefined:undefined":14,"s:141:4:164:Infinity":32,"b:141:8:141:35:141:35:141:70":15,"s:143:22:143:Infinity":33,"s:144:27:144:Infinity":34,"b:146:8:160:Infinity:149:15:160:Infinity":16,"s:146:8:160:Infinity":35,"s:148:12:148:Infinity":36,"s:151:30:151:Infinity":37,"s:152:12:159:Infinity":38,"s:152:25:152:28":39,"s:153:29:153:Infinity":40,"b:154:16:158:Infinity:156:23:158:Infinity":17,"s:154:16:158:Infinity":41,"f:154:32:154:37":3,"s:154:37:154:50":42,"s:155:20:155:Infinity":43,"s:157:20:157:Infinity":44,"s:163:8:163:Infinity":45,"s:166:4:166:Infinity":46,"f:175:22:175:Infinity":4,"b:177:36:177:Infinity":18,"s:180:36:180:Infinity":47,"s:183:30:183:Infinity":48,"b:183:30:183:59:183:59:183:Infinity":19,"s:184:17:184:Infinity":49,"s:185:27:185:Infinity":50,"s:186:4:186:Infinity":51,"s:189:10:189:Infinity":52,"s:190:20:190:Infinity":53,"s:193:24:193:Infinity":54,"b:193:24:193:52:193:52:193:Infinity":20,"s:194:26:194:Infinity":55,"s:197:10:201:Infinity":56,"b:206:4:210:Infinity:undefined:undefined:undefined:undefined":21,"s:206:4:210:Infinity":57,"s:207:31:207:Infinity":58,"s:208:8:208:Infinity":59,"s:209:8:209:Infinity":60,"s:213:29:219:Infinity":61,"s:222:19:225:Infinity":62,"s:228:22:228:Infinity":63,"s:229:10:229:Infinity":64,"s:230:10:230:Infinity":65,"s:233:40:241:Infinity":66,"b:240:13:240:28:240:28:240:Infinity":22,"b:244:4:247:Infinity:undefined:undefined:undefined:undefined":23,"s:244:4:247:Infinity":67,"s:245:25:245:Infinity":68,"s:246:8:246:Infinity":69,"b:246:22:246:37:246:37:246:43":24,"b:250:4:259:Infinity:undefined:undefined:undefined:undefined":25,"s:250:4:259:Infinity":70,"s:251:8:251:Infinity":71,"b:255:8:258:Infinity:undefined:undefined:undefined:undefined":26,"s:255:8:258:Infinity":72,"b:255:12:255:37:255:37:255:84":27,"s:256:12:256:Infinity":73,"s:257:12:257:Infinity":74,"b:262:4:264:Infinity:undefined:undefined:undefined:undefined":28,"s:262:4:264:Infinity":75,"s:263:8:263:Infinity":76,"s:266:4:266:Infinity":77}}}
,"/Users/daixin/Desktop/lexseek/server/lib/oss/signedUrl.ts": {"path":"/Users/daixin/Desktop/lexseek/server/lib/oss/signedUrl.ts","statementMap":{"0":{"start":{"line":17,"column":21},"end":{"line":17,"column":null}},"1":{"start":{"line":18,"column":36},"end":{"line":18,"column":null}},"2":{"start":{"line":21,"column":20},"end":{"line":21,"column":null}},"3":{"start":{"line":22,"column":19},"end":{"line":22,"column":null}},"4":{"start":{"line":25,"column":45},"end":{"line":28,"column":null}},"5":{"start":{"line":31,"column":4},"end":{"line":38,"column":null}},"6":{"start":{"line":32,"column":8},"end":{"line":34,"column":null}},"7":{"start":{"line":33,"column":12},"end":{"line":33,"column":null}},"8":{"start":{"line":35,"column":8},"end":{"line":37,"column":null}},"9":{"start":{"line":36,"column":12},"end":{"line":36,"column":null}},"10":{"start":{"line":41,"column":14},"end":{"line":41,"column":null}},"11":{"start":{"line":45,"column":4},"end":{"line":48,"column":null}},"12":{"start":{"line":46,"column":26},"end":{"line":46,"column":null}},"13":{"start":{"line":47,"column":8},"end":{"line":47,"column":null}},"14":{"start":{"line":50,"column":4},"end":{"line":50,"column":null}}},"fnMap":{"0":{"name":"generateSignedUrl","decl":{"start":{"line":11,"column":22},"end":{"line":11,"column":null}},"loc":{"start":{"line":15,"column":19},"end":{"line":51,"column":null}},"line":15}},"branchMap":{"0":{"loc":{"start":{"line":14,"column":4},"end":{"line":14,"column":null}},"type":"default-arg","locations":[{"start":{"line":14,"column":32},"end":{"line":14,"column":null}}],"line":14},"1":{"loc":{"start":{"line":21,"column":20},"end":{"line":21,"column":null}},"type":"binary-expr","locations":[{"start":{"line":21,"column":20},"end":{"line":21,"column":39}},{"start":{"line":21,"column":39},"end":{"line":21,"column":null}}],"line":21},"2":{"loc":{"start":{"line":22,"column":19},"end":{"line":22,"column":null}},"type":"binary-expr","locations":[{"start":{"line":22,"column":19},"end":{"line":22,"column":37}},{"start":{"line":22,"column":37},"end":{"line":22,"column":null}}],"line":22},"3":{"loc":{"start":{"line":31,"column":4},"end":{"line":38,"column":null}},"type":"if","locations":[{"start":{"line":31,"column":4},"end":{"line":38,"column":null}},{"start":{},"end":{}}],"line":31},"4":{"loc":{"start":{"line":32,"column":8},"end":{"line":34,"column":null}},"type":"if","locations":[{"start":{"line":32,"column":8},"end":{"line":34,"column":null}},{"start":{},"end":{}}],"line":32},"5":{"loc":{"start":{"line":35,"column":8},"end":{"line":37,"column":null}},"type":"if","locations":[{"start":{"line":35,"column":8},"end":{"line":37,"column":null}},{"start":{},"end":{}}],"line":35},"6":{"loc":{"start":{"line":45,"column":4},"end":{"line":48,"column":null}},"type":"if","locations":[{"start":{"line":45,"column":4},"end":{"line":48,"column":null}},{"start":{},"end":{}}],"line":45},"7":{"loc":{"start":{"line":45,"column":8},"end":{"line":45,"column":71}},"type":"binary-expr","locations":[{"start":{"line":45,"column":8},"end":{"line":45,"column":38}},{"start":{"line":45,"column":38},"end":{"line":45,"column":71}}],"line":45},"8":{"loc":{"start":{"line":46,"column":26},"end":{"line":46,"column":null}},"type":"cond-expr","locations":[{"start":{"line":46,"column":46},"end":{"line":46,"column":52}},{"start":{"line":46,"column":52},"end":{"line":46,"column":null}}],"line":46}},"s":{"0":20,"1":20,"2":20,"3":20,"4":20,"5":20,"6":3,"7":3,"8":3,"9":3,"10":20,"11":20,"12":0,"13":0,"14":20},"f":{"0":20},"b":{"0":[20],"1":[20,1],"2":[20,14],"3":[3,17],"4":[3,0],"5":[3,0],"6":[0,20],"7":[20,19],"8":[0,0]},"meta":{"lastBranch":9,"lastFunction":1,"lastStatement":15,"seen":{"f:11:22:11:Infinity":0,"b:14:32:14:Infinity":0,"s:17:21:17:Infinity":0,"s:18:36:18:Infinity":1,"s:21:20:21:Infinity":2,"b:21:20:21:39:21:39:21:Infinity":1,"s:22:19:22:Infinity":3,"b:22:19:22:37:22:37:22:Infinity":2,"s:25:45:28:Infinity":4,"b:31:4:38:Infinity:undefined:undefined:undefined:undefined":3,"s:31:4:38:Infinity":5,"b:32:8:34:Infinity:undefined:undefined:undefined:undefined":4,"s:32:8:34:Infinity":6,"s:33:12:33:Infinity":7,"b:35:8:37:Infinity:undefined:undefined:undefined:undefined":5,"s:35:8:37:Infinity":8,"s:36:12:36:Infinity":9,"s:41:14:41:Infinity":10,"b:45:4:48:Infinity:undefined:undefined:undefined:undefined":6,"s:45:4:48:Infinity":11,"b:45:8:45:38:45:38:45:71":7,"s:46:26:46:Infinity":12,"b:46:46:46:52:46:52:46:Infinity":8,"s:47:8:47:Infinity":13,"s:50:4:50:Infinity":14}}}
,"/Users/daixin/Desktop/lexseek/server/lib/oss/upload.ts": {"path":"/Users/daixin/Desktop/lexseek/server/lib/oss/upload.ts","statementMap":{"0":{"start":{"line":21,"column":23},"end":{"line":21,"column":null}},"1":{"start":{"line":23,"column":4},"end":{"line":55,"column":null}},"2":{"start":{"line":25,"column":48},"end":{"line":25,"column":null}},"3":{"start":{"line":27,"column":8},"end":{"line":29,"column":null}},"4":{"start":{"line":28,"column":12},"end":{"line":28,"column":null}},"5":{"start":{"line":31,"column":8},"end":{"line":33,"column":null}},"6":{"start":{"line":32,"column":12},"end":{"line":32,"column":null}},"7":{"start":{"line":35,"column":8},"end":{"line":39,"column":null}},"8":{"start":{"line":36,"column":12},"end":{"line":38,"column":null}},"9":{"start":{"line":42,"column":23},"end":{"line":42,"column":null}},"10":{"start":{"line":45,"column":14},"end":{"line":45,"column":null}},"11":{"start":{"line":46,"column":20},"end":{"line":46,"column":null}},"12":{"start":{"line":48,"column":8},"end":{"line":52,"column":null}},"13":{"start":{"line":54,"column":8},"end":{"line":54,"column":null}}},"fnMap":{"0":{"name":"uploadFile","decl":{"start":{"line":15,"column":22},"end":{"line":15,"column":null}},"loc":{"start":{"line":20,"column":25},"end":{"line":56,"column":null}},"line":20}},"branchMap":{"0":{"loc":{"start":{"line":19,"column":4},"end":{"line":19,"column":null}},"type":"default-arg","locations":[{"start":{"line":19,"column":29},"end":{"line":19,"column":null}}],"line":19},"1":{"loc":{"start":{"line":27,"column":8},"end":{"line":29,"column":null}},"type":"if","locations":[{"start":{"line":27,"column":8},"end":{"line":29,"column":null}},{"start":{},"end":{}}],"line":27},"2":{"loc":{"start":{"line":31,"column":8},"end":{"line":33,"column":null}},"type":"if","locations":[{"start":{"line":31,"column":8},"end":{"line":33,"column":null}},{"start":{},"end":{}}],"line":31},"3":{"loc":{"start":{"line":35,"column":8},"end":{"line":39,"column":null}},"type":"if","locations":[{"start":{"line":35,"column":8},"end":{"line":39,"column":null}},{"start":{},"end":{}}],"line":35},"4":{"loc":{"start":{"line":50,"column":18},"end":{"line":50,"column":null}},"type":"binary-expr","locations":[{"start":{"line":50,"column":18},"end":{"line":50,"column":64}},{"start":{"line":50,"column":64},"end":{"line":50,"column":null}}],"line":50}},"s":{"0":23,"1":23,"2":23,"3":23,"4":22,"5":23,"6":1,"7":23,"8":1,"9":23,"10":22,"11":22,"12":22,"13":1},"f":{"0":23},"b":{"0":[23],"1":[22,1],"2":[1,22],"3":[1,22],"4":[22,0]},"meta":{"lastBranch":5,"lastFunction":1,"lastStatement":14,"seen":{"f:15:22:15:Infinity":0,"b:19:29:19:Infinity":0,"s:21:23:21:Infinity":0,"s:23:4:55:Infinity":1,"s:25:48:25:Infinity":2,"b:27:8:29:Infinity:undefined:undefined:undefined:undefined":1,"s:27:8:29:Infinity":3,"s:28:12:28:Infinity":4,"b:31:8:33:Infinity:undefined:undefined:undefined:undefined":2,"s:31:8:33:Infinity":5,"s:32:12:32:Infinity":6,"b:35:8:39:Infinity:undefined:undefined:undefined:undefined":3,"s:35:8:39:Infinity":7,"s:36:12:38:Infinity":8,"s:42:23:42:Infinity":9,"s:45:14:45:Infinity":10,"s:46:20:46:Infinity":11,"s:48:8:52:Infinity":12,"b:50:18:50:64:50:64:50:Infinity":4,"s:54:8:54:Infinity":13}}}
,"/Users/daixin/Desktop/lexseek/server/lib/oss/utils.ts": {"path":"/Users/daixin/Desktop/lexseek/server/lib/oss/utils.ts","statementMap":{"0":{"start":{"line":5,"column":4},"end":{"line":5,"column":null}},"1":{"start":{"line":13,"column":4},"end":{"line":21,"column":null}},"2":{"start":{"line":29,"column":4},"end":{"line":29,"column":null}},"3":{"start":{"line":37,"column":4},"end":{"line":37,"column":null}},"4":{"start":{"line":44,"column":4},"end":{"line":44,"column":null}},"5":{"start":{"line":51,"column":4},"end":{"line":51,"column":null}},"6":{"start":{"line":58,"column":4},"end":{"line":58,"column":null}},"7":{"start":{"line":69,"column":4},"end":{"line":76,"column":null}},"8":{"start":{"line":71,"column":21},"end":{"line":71,"column":null}},"9":{"start":{"line":72,"column":8},"end":{"line":74,"column":null}},"10":{"start":{"line":73,"column":12},"end":{"line":73,"column":null}},"11":{"start":{"line":75,"column":8},"end":{"line":75,"column":null}},"12":{"start":{"line":79,"column":27},"end":{"line":79,"column":null}},"13":{"start":{"line":80,"column":4},"end":{"line":80,"column":null}}},"fnMap":{"0":{"name":"padTo2Digits","decl":{"start":{"line":4,"column":9},"end":{"line":4,"column":22}},"loc":{"start":{"line":4,"column":43},"end":{"line":6,"column":null}},"line":4},"1":{"name":"formatDateToUTC","decl":{"start":{"line":12,"column":16},"end":{"line":12,"column":32}},"loc":{"start":{"line":12,"column":52},"end":{"line":23,"column":null}},"line":12},"2":{"name":"getStandardRegion","decl":{"start":{"line":28,"column":16},"end":{"line":28,"column":34}},"loc":{"start":{"line":28,"column":58},"end":{"line":30,"column":null}},"line":28},"3":{"name":"getCredential","decl":{"start":{"line":36,"column":16},"end":{"line":36,"column":30}},"loc":{"start":{"line":36,"column":89},"end":{"line":38,"column":null}},"line":36},"4":{"name":"policy2Str","decl":{"start":{"line":43,"column":16},"end":{"line":43,"column":27}},"loc":{"start":{"line":43,"column":51},"end":{"line":45,"column":null}},"line":43},"5":{"name":"encodeBase64","decl":{"start":{"line":50,"column":16},"end":{"line":50,"column":29}},"loc":{"start":{"line":50,"column":50},"end":{"line":52,"column":null}},"line":50},"6":{"name":"decodeBase64","decl":{"start":{"line":57,"column":16},"end":{"line":57,"column":29}},"loc":{"start":{"line":57,"column":53},"end":{"line":59,"column":null}},"line":57},"7":{"name":"getOssHost","decl":{"start":{"line":67,"column":16},"end":{"line":67,"column":27}},"loc":{"start":{"line":67,"column":90},"end":{"line":81,"column":null}},"line":67}},"branchMap":{"0":{"loc":{"start":{"line":69,"column":4},"end":{"line":76,"column":null}},"type":"if","locations":[{"start":{"line":69,"column":4},"end":{"line":76,"column":null}},{"start":{},"end":{}}],"line":69},"1":{"loc":{"start":{"line":72,"column":8},"end":{"line":74,"column":null}},"type":"if","locations":[{"start":{"line":72,"column":8},"end":{"line":74,"column":null}},{"start":{},"end":{}}],"line":72},"2":{"loc":{"start":{"line":72,"column":12},"end":{"line":72,"column":77}},"type":"binary-expr","locations":[{"start":{"line":72,"column":12},"end":{"line":72,"column":45}},{"start":{"line":72,"column":45},"end":{"line":72,"column":77}}],"line":72}},"s":{"0":225,"1":45,"2":202,"3":45,"4":45,"5":49,"6":2,"7":67,"8":44,"9":44,"10":44,"11":44,"12":23,"13":23},"f":{"0":225,"1":45,"2":202,"3":45,"4":45,"5":49,"6":2,"7":67},"b":{"0":[44,23],"1":[44,0],"2":[44,44]},"meta":{"lastBranch":3,"lastFunction":8,"lastStatement":14,"seen":{"f:4:9:4:22":0,"s:5:4:5:Infinity":0,"f:12:16:12:32":1,"s:13:4:21:Infinity":1,"f:28:16:28:34":2,"s:29:4:29:Infinity":2,"f:36:16:36:30":3,"s:37:4:37:Infinity":3,"f:43:16:43:27":4,"s:44:4:44:Infinity":4,"f:50:16:50:29":5,"s:51:4:51:Infinity":5,"f:57:16:57:29":6,"s:58:4:58:Infinity":6,"f:67:16:67:27":7,"b:69:4:76:Infinity:undefined:undefined:undefined:undefined":0,"s:69:4:76:Infinity":7,"s:71:21:71:Infinity":8,"b:72:8:74:Infinity:undefined:undefined:undefined:undefined":1,"s:72:8:74:Infinity":9,"b:72:12:72:45:72:45:72:77":2,"s:73:12:73:Infinity":10,"s:75:8:75:Infinity":11,"s:79:27:79:Infinity":12,"s:80:4:80:Infinity":13}}}
,"/Users/daixin/Desktop/lexseek/server/lib/oss/validator.ts": {"path":"/Users/daixin/Desktop/lexseek/server/lib/oss/validator.ts","statementMap":{"0":{"start":{"line":7,"column":45},"end":{"line":12,"column":null}},"1":{"start":{"line":20,"column":36},"end":{"line":20,"column":null}},"2":{"start":{"line":22,"column":4},"end":{"line":26,"column":null}},"3":{"start":{"line":23,"column":8},"end":{"line":25,"column":null}},"4":{"start":{"line":24,"column":12},"end":{"line":24,"column":null}},"5":{"start":{"line":28,"column":4},"end":{"line":32,"column":null}},"6":{"start":{"line":29,"column":8},"end":{"line":31,"column":null}},"7":{"start":{"line":35,"column":26},"end":{"line":35,"column":null}},"8":{"start":{"line":36,"column":4},"end":{"line":38,"column":null}},"9":{"start":{"line":37,"column":8},"end":{"line":37,"column":null}},"10":{"start":{"line":41,"column":4},"end":{"line":46,"column":null}},"11":{"start":{"line":42,"column":27},"end":{"line":42,"column":null}},"12":{"start":{"line":43,"column":8},"end":{"line":45,"column":null}},"13":{"start":{"line":44,"column":12},"end":{"line":44,"column":null}}},"fnMap":{"0":{"name":"validateConfig","decl":{"start":{"line":19,"column":16},"end":{"line":19,"column":31}},"loc":{"start":{"line":19,"column":88},"end":{"line":47,"column":null}},"line":19}},"branchMap":{"0":{"loc":{"start":{"line":23,"column":8},"end":{"line":25,"column":null}},"type":"if","locations":[{"start":{"line":23,"column":8},"end":{"line":25,"column":null}},{"start":{},"end":{}}],"line":23},"1":{"loc":{"start":{"line":28,"column":4},"end":{"line":32,"column":null}},"type":"if","locations":[{"start":{"line":28,"column":4},"end":{"line":32,"column":null}},{"start":{},"end":{}}],"line":28},"2":{"loc":{"start":{"line":36,"column":4},"end":{"line":38,"column":null}},"type":"if","locations":[{"start":{"line":36,"column":4},"end":{"line":38,"column":null}},{"start":{},"end":{}}],"line":36},"3":{"loc":{"start":{"line":41,"column":4},"end":{"line":46,"column":null}},"type":"if","locations":[{"start":{"line":41,"column":4},"end":{"line":46,"column":null}},{"start":{},"end":{}}],"line":41},"4":{"loc":{"start":{"line":43,"column":8},"end":{"line":45,"column":null}},"type":"if","locations":[{"start":{"line":43,"column":8},"end":{"line":45,"column":null}},{"start":{},"end":{}}],"line":43}},"s":{"0":9,"1":312,"2":312,"3":1248,"4":12,"5":312,"6":9,"7":303,"8":303,"9":100,"10":203,"11":126,"12":126,"13":9},"f":{"0":312},"b":{"0":[12,1236],"1":[9,303],"2":[100,203],"3":[126,77],"4":[9,117]},"meta":{"lastBranch":5,"lastFunction":1,"lastStatement":14,"seen":{"s:7:45:12:Infinity":0,"f:19:16:19:31":0,"s:20:36:20:Infinity":1,"s:22:4:26:Infinity":2,"b:23:8:25:Infinity:undefined:undefined:undefined:undefined":0,"s:23:8:25:Infinity":3,"s:24:12:24:Infinity":4,"b:28:4:32:Infinity:undefined:undefined:undefined:undefined":1,"s:28:4:32:Infinity":5,"s:29:8:31:Infinity":6,"s:35:26:35:Infinity":7,"b:36:4:38:Infinity:undefined:undefined:undefined:undefined":2,"s:36:4:38:Infinity":8,"s:37:8:37:Infinity":9,"b:41:4:46:Infinity:undefined:undefined:undefined:undefined":3,"s:41:4:46:Infinity":10,"s:42:27:42:Infinity":11,"b:43:8:45:Infinity:undefined:undefined:undefined:undefined":4,"s:43:8:45:Infinity":12,"s:44:12:44:Infinity":13}}}
,"/Users/daixin/Desktop/lexseek/server/lib/payment/base.ts": {"path":"/Users/daixin/Desktop/lexseek/server/lib/payment/base.ts","statementMap":{"0":{"start":{"line":43,"column":8},"end":{"line":43,"column":null}},"1":{"start":{"line":44,"column":8},"end":{"line":44,"column":null}},"2":{"start":{"line":70,"column":22},"end":{"line":70,"column":null}},"3":{"start":{"line":71,"column":21},"end":{"line":71,"column":null}},"4":{"start":{"line":72,"column":8},"end":{"line":74,"column":null}},"5":{"start":{"line":72,"column":21},"end":{"line":72,"column":24}},"6":{"start":{"line":73,"column":12},"end":{"line":73,"column":null}},"7":{"start":{"line":75,"column":8},"end":{"line":75,"column":null}},"8":{"start":{"line":80,"column":8},"end":{"line":80,"column":null}}},"fnMap":{"0":{"name":"(anonymous_0)","decl":{"start":{"line":42,"column":4},"end":{"line":42,"column":16}},"loc":{"start":{"line":42,"column":27},"end":{"line":45,"column":null}},"line":42},"1":{"name":"(anonymous_1)","decl":{"start":{"line":69,"column":14},"end":{"line":69,"column":31}},"loc":{"start":{"line":69,"column":60},"end":{"line":76,"column":null}},"line":69},"2":{"name":"(anonymous_2)","decl":{"start":{"line":79,"column":14},"end":{"line":79,"column":37}},"loc":{"start":{"line":79,"column":37},"end":{"line":81,"column":null}},"line":79}},"branchMap":{"0":{"loc":{"start":{"line":69,"column":31},"end":{"line":69,"column":60}},"type":"default-arg","locations":[{"start":{"line":69,"column":48},"end":{"line":69,"column":60}}],"line":69}},"s":{"0":200,"1":200,"2":1216,"3":1216,"4":1216,"5":1216,"6":30235,"7":1216,"8":17},"f":{"0":200,"1":1216,"2":17},"b":{"0":[1216]},"meta":{"lastBranch":1,"lastFunction":3,"lastStatement":9,"seen":{"f:42:4:42:16":0,"s:43:8:43:Infinity":0,"s:44:8:44:Infinity":1,"f:69:14:69:31":1,"b:69:48:69:60":0,"s:70:22:70:Infinity":2,"s:71:21:71:Infinity":3,"s:72:8:74:Infinity":4,"s:72:21:72:24":5,"s:73:12:73:Infinity":6,"s:75:8:75:Infinity":7,"f:79:14:79:37":2,"s:80:8:80:Infinity":8}}}
,"/Users/daixin/Desktop/lexseek/server/lib/payment/errors.ts": {"path":"/Users/daixin/Desktop/lexseek/server/lib/payment/errors.ts","statementMap":{"0":{"start":{"line":13,"column":8},"end":{"line":13,"column":null}},"1":{"start":{"line":14,"column":8},"end":{"line":14,"column":null}},"2":{"start":{"line":15,"column":8},"end":{"line":15,"column":null}},"3":{"start":{"line":16,"column":8},"end":{"line":16,"column":null}},"4":{"start":{"line":23,"column":8},"end":{"line":23,"column":null}},"5":{"start":{"line":24,"column":8},"end":{"line":24,"column":null}},"6":{"start":{"line":31,"column":8},"end":{"line":31,"column":null}},"7":{"start":{"line":32,"column":8},"end":{"line":32,"column":null}},"8":{"start":{"line":44,"column":8},"end":{"line":44,"column":null}},"9":{"start":{"line":45,"column":8},"end":{"line":45,"column":null}},"10":{"start":{"line":46,"column":8},"end":{"line":46,"column":null}},"11":{"start":{"line":47,"column":8},"end":{"line":47,"column":null}},"12":{"start":{"line":54,"column":8},"end":{"line":54,"column":null}},"13":{"start":{"line":55,"column":8},"end":{"line":55,"column":null}},"14":{"start":{"line":62,"column":8},"end":{"line":62,"column":null}},"15":{"start":{"line":63,"column":8},"end":{"line":63,"column":null}},"16":{"start":{"line":70,"column":8},"end":{"line":70,"column":null}},"17":{"start":{"line":71,"column":8},"end":{"line":71,"column":null}}},"fnMap":{"0":{"name":"(anonymous_0)","decl":{"start":{"line":12,"column":4},"end":{"line":12,"column":16}},"loc":{"start":{"line":12,"column":62},"end":{"line":17,"column":null}},"line":12},"1":{"name":"(anonymous_1)","decl":{"start":{"line":22,"column":4},"end":{"line":22,"column":16}},"loc":{"start":{"line":22,"column":48},"end":{"line":25,"column":null}},"line":22},"2":{"name":"(anonymous_2)","decl":{"start":{"line":30,"column":4},"end":{"line":30,"column":16}},"loc":{"start":{"line":30,"column":48},"end":{"line":33,"column":null}},"line":30},"3":{"name":"(anonymous_3)","decl":{"start":{"line":43,"column":4},"end":{"line":43,"column":16}},"loc":{"start":{"line":43,"column":89},"end":{"line":48,"column":null}},"line":43},"4":{"name":"(anonymous_4)","decl":{"start":{"line":53,"column":4},"end":{"line":53,"column":16}},"loc":{"start":{"line":53,"column":48},"end":{"line":56,"column":null}},"line":53},"5":{"name":"(anonymous_5)","decl":{"start":{"line":61,"column":4},"end":{"line":61,"column":16}},"loc":{"start":{"line":61,"column":33},"end":{"line":64,"column":null}},"line":61},"6":{"name":"(anonymous_6)","decl":{"start":{"line":69,"column":4},"end":{"line":69,"column":16}},"loc":{"start":{"line":69,"column":32},"end":{"line":72,"column":null}},"line":69}},"branchMap":{},"s":{"0":677,"1":677,"2":677,"3":677,"4":114,"5":114,"6":102,"7":102,"8":103,"9":103,"10":103,"11":103,"12":102,"13":102,"14":102,"15":102,"16":53,"17":53},"f":{"0":677,"1":114,"2":102,"3":103,"4":102,"5":102,"6":53},"b":{},"meta":{"lastBranch":0,"lastFunction":7,"lastStatement":18,"seen":{"f:12:4:12:16":0,"s:13:8:13:Infinity":0,"s:14:8:14:Infinity":1,"s:15:8:15:Infinity":2,"s:16:8:16:Infinity":3,"f:22:4:22:16":1,"s:23:8:23:Infinity":4,"s:24:8:24:Infinity":5,"f:30:4:30:16":2,"s:31:8:31:Infinity":6,"s:32:8:32:Infinity":7,"f:43:4:43:16":3,"s:44:8:44:Infinity":8,"s:45:8:45:Infinity":9,"s:46:8:46:Infinity":10,"s:47:8:47:Infinity":11,"f:53:4:53:16":4,"s:54:8:54:Infinity":12,"s:55:8:55:Infinity":13,"f:61:4:61:16":5,"s:62:8:62:Infinity":14,"s:63:8:63:Infinity":15,"f:69:4:69:16":6,"s:70:8:70:Infinity":16,"s:71:8:71:Infinity":17}}}
,"/Users/daixin/Desktop/lexseek/server/lib/payment/adapters/wechat-pay.ts": {"path":"/Users/daixin/Desktop/lexseek/server/lib/payment/adapters/wechat-pay.ts","statementMap":{"0":{"start":{"line":13,"column":28},"end":{"line":13,"column":null}},"1":{"start":{"line":19,"column":65},"end":{"line":19,"column":null}},"2":{"start":{"line":20,"column":8},"end":{"line":22,"column":null}},"3":{"start":{"line":21,"column":12},"end":{"line":21,"column":null}},"4":{"start":{"line":27,"column":8},"end":{"line":27,"column":null}},"5":{"start":{"line":32,"column":8},"end":{"line":37,"column":null}},"6":{"start":{"line":42,"column":27},"end":{"line":42,"column":null}},"7":{"start":{"line":45,"column":8},"end":{"line":47,"column":null}},"8":{"start":{"line":46,"column":12},"end":{"line":46,"column":null}},"9":{"start":{"line":49,"column":8},"end":{"line":60,"column":null}},"10":{"start":{"line":51,"column":16},"end":{"line":51,"column":null}},"11":{"start":{"line":53,"column":16},"end":{"line":53,"column":null}},"12":{"start":{"line":55,"column":16},"end":{"line":55,"column":null}},"13":{"start":{"line":57,"column":16},"end":{"line":57,"column":null}},"14":{"start":{"line":59,"column":16},"end":{"line":59,"column":null}},"15":{"start":{"line":65,"column":96},"end":{"line":65,"column":null}},"16":{"start":{"line":67,"column":8},"end":{"line":69,"column":null}},"17":{"start":{"line":68,"column":12},"end":{"line":68,"column":null}},"18":{"start":{"line":71,"column":28},"end":{"line":81,"column":null}},"19":{"start":{"line":83,"column":8},"end":{"line":104,"column":null}},"20":{"start":{"line":84,"column":29},"end":{"line":88,"column":null}},"21":{"start":{"line":91,"column":34},"end":{"line":91,"column":null}},"22":{"start":{"line":93,"column":12},"end":{"line":97,"column":null}},"23":{"start":{"line":99,"column":12},"end":{"line":99,"column":null}},"24":{"start":{"line":100,"column":12},"end":{"line":103,"column":null}},"25":{"start":{"line":109,"column":88},"end":{"line":109,"column":null}},"26":{"start":{"line":111,"column":28},"end":{"line":120,"column":null}},"27":{"start":{"line":122,"column":8},"end":{"line":139,"column":null}},"28":{"start":{"line":123,"column":29},"end":{"line":127,"column":null}},"29":{"start":{"line":129,"column":12},"end":{"line":132,"column":null}},"30":{"start":{"line":134,"column":12},"end":{"line":134,"column":null}},"31":{"start":{"line":135,"column":12},"end":{"line":138,"column":null}},"32":{"start":{"line":144,"column":88},"end":{"line":144,"column":null}},"33":{"start":{"line":146,"column":28},"end":{"line":159,"column":null}},"34":{"start":{"line":161,"column":8},"end":{"line":178,"column":null}},"35":{"start":{"line":162,"column":29},"end":{"line":166,"column":null}},"36":{"start":{"line":168,"column":12},"end":{"line":171,"column":null}},"37":{"start":{"line":173,"column":12},"end":{"line":173,"column":null}},"38":{"start":{"line":174,"column":12},"end":{"line":177,"column":null}},"39":{"start":{"line":183,"column":88},"end":{"line":183,"column":null}},"40":{"start":{"line":185,"column":28},"end":{"line":194,"column":null}},"41":{"start":{"line":196,"column":8},"end":{"line":217,"column":null}},"42":{"start":{"line":197,"column":29},"end":{"line":201,"column":null}},"43":{"start":{"line":204,"column":34},"end":{"line":204,"column":null}},"44":{"start":{"line":206,"column":12},"end":{"line":210,"column":null}},"45":{"start":{"line":212,"column":12},"end":{"line":212,"column":null}},"46":{"start":{"line":213,"column":12},"end":{"line":216,"column":null}},"47":{"start":{"line":222,"column":8},"end":{"line":267,"column":null}},"48":{"start":{"line":223,"column":65},"end":{"line":223,"column":null}},"49":{"start":{"line":226,"column":12},"end":{"line":228,"column":null}},"50":{"start":{"line":227,"column":16},"end":{"line":227,"column":null}},"51":{"start":{"line":230,"column":25},"end":{"line":230,"column":null}},"52":{"start":{"line":231,"column":28},"end":{"line":231,"column":null}},"53":{"start":{"line":234,"column":28},"end":{"line":234,"column":null}},"54":{"start":{"line":235,"column":12},"end":{"line":237,"column":null}},"55":{"start":{"line":236,"column":16},"end":{"line":236,"column":null}},"56":{"start":{"line":240,"column":33},"end":{"line":240,"column":null}},"57":{"start":{"line":241,"column":30},"end":{"line":241,"column":null}},"58":{"start":{"line":242,"column":30},"end":{"line":242,"column":null}},"59":{"start":{"line":243,"column":27},"end":{"line":243,"column":null}},"60":{"start":{"line":252,"column":12},"end":{"line":260,"column":null}},"61":{"start":{"line":262,"column":12},"end":{"line":262,"column":null}},"62":{"start":{"line":263,"column":12},"end":{"line":266,"column":null}},"63":{"start":{"line":272,"column":43},"end":{"line":272,"column":null}},"64":{"start":{"line":274,"column":8},"end":{"line":306,"column":null}},"65":{"start":{"line":276,"column":12},"end":{"line":282,"column":null}},"66":{"start":{"line":277,"column":16},"end":{"line":277,"column":null}},"67":{"start":{"line":278,"column":12},"end":{"line":282,"column":null}},"68":{"start":{"line":279,"column":16},"end":{"line":279,"column":null}},"69":{"start":{"line":281,"column":16},"end":{"line":281,"column":null}},"70":{"start":{"line":284,"column":29},"end":{"line":290,"column":null}},"71":{"start":{"line":292,"column":12},"end":{"line":299,"column":null}},"72":{"start":{"line":301,"column":12},"end":{"line":301,"column":null}},"73":{"start":{"line":302,"column":12},"end":{"line":305,"column":null}},"74":{"start":{"line":311,"column":28},"end":{"line":311,"column":null}},"75":{"start":{"line":313,"column":8},"end":{"line":327,"column":null}},"76":{"start":{"line":314,"column":12},"end":{"line":318,"column":null}},"77":{"start":{"line":320,"column":12},"end":{"line":320,"column":null}},"78":{"start":{"line":322,"column":12},"end":{"line":322,"column":null}},"79":{"start":{"line":323,"column":12},"end":{"line":326,"column":null}},"80":{"start":{"line":332,"column":24},"end":{"line":332,"column":null}},"81":{"start":{"line":333,"column":26},"end":{"line":333,"column":null}},"82":{"start":{"line":334,"column":25},"end":{"line":334,"column":null}},"83":{"start":{"line":335,"column":24},"end":{"line":335,"column":null}},"84":{"start":{"line":338,"column":26},"end":{"line":338,"column":null}},"85":{"start":{"line":339,"column":30},"end":{"line":339,"column":null}},"86":{"start":{"line":341,"column":25},"end":{"line":349,"column":null}},"87":{"start":{"line":351,"column":8},"end":{"line":351,"column":null}},"88":{"start":{"line":356,"column":24},"end":{"line":356,"column":null}},"89":{"start":{"line":357,"column":14},"end":{"line":357,"column":null}},"90":{"start":{"line":358,"column":8},"end":{"line":358,"column":null}},"91":{"start":{"line":359,"column":8},"end":{"line":359,"column":null}},"92":{"start":{"line":364,"column":8},"end":{"line":368,"column":null}},"93":{"start":{"line":366,"column":12},"end":{"line":366,"column":null}},"94":{"start":{"line":367,"column":12},"end":{"line":367,"column":null}},"95":{"start":{"line":370,"column":14},"end":{"line":370,"column":null}},"96":{"start":{"line":371,"column":8},"end":{"line":371,"column":null}},"97":{"start":{"line":372,"column":8},"end":{"line":372,"column":null}},"98":{"start":{"line":377,"column":20},"end":{"line":377,"column":null}},"99":{"start":{"line":378,"column":33},"end":{"line":378,"column":null}},"100":{"start":{"line":379,"column":24},"end":{"line":379,"column":null}},"101":{"start":{"line":380,"column":21},"end":{"line":380,"column":null}},"102":{"start":{"line":382,"column":14},"end":{"line":382,"column":null}},"103":{"start":{"line":383,"column":8},"end":{"line":383,"column":null}},"104":{"start":{"line":384,"column":8},"end":{"line":384,"column":null}},"105":{"start":{"line":386,"column":26},"end":{"line":386,"column":null}},"106":{"start":{"line":387,"column":8},"end":{"line":387,"column":null}},"107":{"start":{"line":392,"column":26},"end":{"line":392,"column":null}},"108":{"start":{"line":393,"column":25},"end":{"line":393,"column":null}},"109":{"start":{"line":394,"column":27},"end":{"line":394,"column":null}},"110":{"start":{"line":396,"column":24},"end":{"line":396,"column":null}},"111":{"start":{"line":397,"column":14},"end":{"line":397,"column":null}},"112":{"start":{"line":398,"column":8},"end":{"line":398,"column":null}},"113":{"start":{"line":399,"column":24},"end":{"line":399,"column":null}},"114":{"start":{"line":401,"column":8},"end":{"line":407,"column":null}},"115":{"start":{"line":412,"column":26},"end":{"line":412,"column":null}},"116":{"start":{"line":413,"column":25},"end":{"line":413,"column":null}},"117":{"start":{"line":415,"column":24},"end":{"line":415,"column":null}},"118":{"start":{"line":416,"column":14},"end":{"line":416,"column":null}},"119":{"start":{"line":417,"column":8},"end":{"line":417,"column":null}},"120":{"start":{"line":418,"column":24},"end":{"line":418,"column":null}},"121":{"start":{"line":420,"column":8},"end":{"line":428,"column":null}},"122":{"start":{"line":433,"column":27},"end":{"line":433,"column":null}},"123":{"start":{"line":434,"column":8},"end":{"line":434,"column":null}}},"fnMap":{"0":{"name":"(anonymous_0)","decl":{"start":{"line":18,"column":14},"end":{"line":18,"column":37}},"loc":{"start":{"line":18,"column":37},"end":{"line":23,"column":null}},"line":18},"1":{"name":"(anonymous_1)","decl":{"start":{"line":26,"column":4},"end":{"line":26,"column":33}},"loc":{"start":{"line":26,"column":33},"end":{"line":28,"column":null}},"line":26},"2":{"name":"(anonymous_2)","decl":{"start":{"line":31,"column":4},"end":{"line":31,"column":43}},"loc":{"start":{"line":31,"column":43},"end":{"line":38,"column":null}},"line":31},"3":{"name":"(anonymous_3)","decl":{"start":{"line":41,"column":10},"end":{"line":41,"column":24}},"loc":{"start":{"line":41,"column":77},"end":{"line":61,"column":null}},"line":41},"4":{"name":"(anonymous_4)","decl":{"start":{"line":64,"column":18},"end":{"line":64,"column":37}},"loc":{"start":{"line":64,"column":90},"end":{"line":105,"column":null}},"line":64},"5":{"name":"(anonymous_5)","decl":{"start":{"line":108,"column":18},"end":{"line":108,"column":38}},"loc":{"start":{"line":108,"column":91},"end":{"line":140,"column":null}},"line":108},"6":{"name":"(anonymous_6)","decl":{"start":{"line":143,"column":18},"end":{"line":143,"column":34}},"loc":{"start":{"line":143,"column":87},"end":{"line":179,"column":null}},"line":143},"7":{"name":"(anonymous_7)","decl":{"start":{"line":182,"column":18},"end":{"line":182,"column":35}},"loc":{"start":{"line":182,"column":88},"end":{"line":218,"column":null}},"line":182},"8":{"name":"(anonymous_8)","decl":{"start":{"line":221,"column":10},"end":{"line":221,"column":25}},"loc":{"start":{"line":221,"column":76},"end":{"line":268,"column":null}},"line":221},"9":{"name":"(anonymous_9)","decl":{"start":{"line":271,"column":10},"end":{"line":271,"column":21}},"loc":{"start":{"line":271,"column":74},"end":{"line":307,"column":null}},"line":271},"10":{"name":"(anonymous_10)","decl":{"start":{"line":310,"column":10},"end":{"line":310,"column":21}},"loc":{"start":{"line":310,"column":74},"end":{"line":328,"column":null}},"line":310},"11":{"name":"(anonymous_11)","decl":{"start":{"line":331,"column":18},"end":{"line":331,"column":29}},"loc":{"start":{"line":331,"column":86},"end":{"line":352,"column":null}},"line":331},"12":{"name":"(anonymous_12)","decl":{"start":{"line":355,"column":12},"end":{"line":355,"column":30}},"loc":{"start":{"line":355,"column":118},"end":{"line":360,"column":null}},"line":355},"13":{"name":"(anonymous_13)","decl":{"start":{"line":363,"column":12},"end":{"line":363,"column":28}},"loc":{"start":{"line":363,"column":73},"end":{"line":373,"column":null}},"line":363},"14":{"name":"(anonymous_14)","decl":{"start":{"line":376,"column":12},"end":{"line":376,"column":28}},"loc":{"start":{"line":376,"column":95},"end":{"line":388,"column":null}},"line":376},"15":{"name":"(anonymous_15)","decl":{"start":{"line":391,"column":12},"end":{"line":391,"column":35}},"loc":{"start":{"line":391,"column":78},"end":{"line":408,"column":null}},"line":391},"16":{"name":"(anonymous_16)","decl":{"start":{"line":411,"column":12},"end":{"line":411,"column":33}},"loc":{"start":{"line":411,"column":76},"end":{"line":429,"column":null}},"line":411},"17":{"name":"(anonymous_17)","decl":{"start":{"line":432,"column":12},"end":{"line":432,"column":26}},"loc":{"start":{"line":432,"column":51},"end":{"line":435,"column":null}},"line":432}},"branchMap":{"0":{"loc":{"start":{"line":20,"column":8},"end":{"line":22,"column":null}},"type":"if","locations":[{"start":{"line":20,"column":8},"end":{"line":22,"column":null}},{"start":{},"end":{}}],"line":20},"1":{"loc":{"start":{"line":20,"column":12},"end":{"line":20,"column":71}},"type":"binary-expr","locations":[{"start":{"line":20,"column":12},"end":{"line":20,"column":22}},{"start":{"line":20,"column":22},"end":{"line":20,"column":32}},{"start":{"line":20,"column":32},"end":{"line":20,"column":45}},{"start":{"line":20,"column":45},"end":{"line":20,"column":58}},{"start":{"line":20,"column":58},"end":{"line":20,"column":71}}],"line":20},"2":{"loc":{"start":{"line":45,"column":8},"end":{"line":47,"column":null}},"type":"if","locations":[{"start":{"line":45,"column":8},"end":{"line":47,"column":null}},{"start":{},"end":{}}],"line":45},"3":{"loc":{"start":{"line":49,"column":8},"end":{"line":60,"column":null}},"type":"switch","locations":[{"start":{"line":50,"column":12},"end":{"line":51,"column":null}},{"start":{"line":52,"column":12},"end":{"line":53,"column":null}},{"start":{"line":54,"column":12},"end":{"line":55,"column":null}},{"start":{"line":56,"column":12},"end":{"line":57,"column":null}},{"start":{"line":58,"column":12},"end":{"line":59,"column":null}}],"line":49},"4":{"loc":{"start":{"line":65,"column":73},"end":{"line":65,"column":92}},"type":"default-arg","locations":[{"start":{"line":65,"column":89},"end":{"line":65,"column":92}}],"line":65},"5":{"loc":{"start":{"line":67,"column":8},"end":{"line":69,"column":null}},"type":"if","locations":[{"start":{"line":67,"column":8},"end":{"line":69,"column":null}},{"start":{},"end":{}}],"line":67},"6":{"loc":{"start":{"line":102,"column":30},"end":{"line":102,"column":null}},"type":"cond-expr","locations":[{"start":{"line":102,"column":55},"end":{"line":102,"column":71}},{"start":{"line":102,"column":71},"end":{"line":102,"column":null}}],"line":102},"7":{"loc":{"start":{"line":109,"column":65},"end":{"line":109,"column":84}},"type":"default-arg","locations":[{"start":{"line":109,"column":81},"end":{"line":109,"column":84}}],"line":109},"8":{"loc":{"start":{"line":137,"column":30},"end":{"line":137,"column":null}},"type":"cond-expr","locations":[{"start":{"line":137,"column":55},"end":{"line":137,"column":71}},{"start":{"line":137,"column":71},"end":{"line":137,"column":null}}],"line":137},"9":{"loc":{"start":{"line":144,"column":65},"end":{"line":144,"column":84}},"type":"default-arg","locations":[{"start":{"line":144,"column":81},"end":{"line":144,"column":84}}],"line":144},"10":{"loc":{"start":{"line":176,"column":30},"end":{"line":176,"column":null}},"type":"cond-expr","locations":[{"start":{"line":176,"column":55},"end":{"line":176,"column":71}},{"start":{"line":176,"column":71},"end":{"line":176,"column":null}}],"line":176},"11":{"loc":{"start":{"line":183,"column":65},"end":{"line":183,"column":84}},"type":"default-arg","locations":[{"start":{"line":183,"column":81},"end":{"line":183,"column":84}}],"line":183},"12":{"loc":{"start":{"line":215,"column":30},"end":{"line":215,"column":null}},"type":"cond-expr","locations":[{"start":{"line":215,"column":55},"end":{"line":215,"column":71}},{"start":{"line":215,"column":71},"end":{"line":215,"column":null}}],"line":215},"13":{"loc":{"start":{"line":226,"column":12},"end":{"line":228,"column":null}},"type":"if","locations":[{"start":{"line":226,"column":12},"end":{"line":228,"column":null}},{"start":{},"end":{}}],"line":226},"14":{"loc":{"start":{"line":226,"column":16},"end":{"line":226,"column":52}},"type":"binary-expr","locations":[{"start":{"line":226,"column":16},"end":{"line":226,"column":30}},{"start":{"line":226,"column":30},"end":{"line":226,"column":44}},{"start":{"line":226,"column":44},"end":{"line":226,"column":52}}],"line":226},"15":{"loc":{"start":{"line":230,"column":25},"end":{"line":230,"column":null}},"type":"cond-expr","locations":[{"start":{"line":230,"column":51},"end":{"line":230,"column":57}},{"start":{"line":230,"column":57},"end":{"line":230,"column":null}}],"line":230},"16":{"loc":{"start":{"line":235,"column":12},"end":{"line":237,"column":null}},"type":"if","locations":[{"start":{"line":235,"column":12},"end":{"line":237,"column":null}},{"start":{},"end":{}}],"line":235},"17":{"loc":{"start":{"line":240,"column":33},"end":{"line":240,"column":null}},"type":"cond-expr","locations":[{"start":{"line":240,"column":59},"end":{"line":240,"column":77}},{"start":{"line":240,"column":77},"end":{"line":240,"column":null}}],"line":240},"18":{"loc":{"start":{"line":265,"column":30},"end":{"line":265,"column":null}},"type":"cond-expr","locations":[{"start":{"line":265,"column":55},"end":{"line":265,"column":71}},{"start":{"line":265,"column":71},"end":{"line":265,"column":null}}],"line":265},"19":{"loc":{"start":{"line":276,"column":12},"end":{"line":282,"column":null}},"type":"if","locations":[{"start":{"line":276,"column":12},"end":{"line":282,"column":null}},{"start":{"line":278,"column":12},"end":{"line":282,"column":null}}],"line":276},"20":{"loc":{"start":{"line":278,"column":12},"end":{"line":282,"column":null}},"type":"if","locations":[{"start":{"line":278,"column":12},"end":{"line":282,"column":null}},{"start":{"line":280,"column":19},"end":{"line":282,"column":null}}],"line":278},"21":{"loc":{"start":{"line":298,"column":24},"end":{"line":298,"column":null}},"type":"cond-expr","locations":[{"start":{"line":298,"column":48},"end":{"line":298,"column":82}},{"start":{"line":298,"column":82},"end":{"line":298,"column":null}}],"line":298},"22":{"loc":{"start":{"line":304,"column":30},"end":{"line":304,"column":null}},"type":"cond-expr","locations":[{"start":{"line":304,"column":55},"end":{"line":304,"column":71}},{"start":{"line":304,"column":71},"end":{"line":304,"column":null}}],"line":304},"23":{"loc":{"start":{"line":325,"column":30},"end":{"line":325,"column":null}},"type":"cond-expr","locations":[{"start":{"line":325,"column":55},"end":{"line":325,"column":71}},{"start":{"line":325,"column":71},"end":{"line":325,"column":null}}],"line":325},"24":{"loc":{"start":{"line":335,"column":24},"end":{"line":335,"column":null}},"type":"cond-expr","locations":[{"start":{"line":335,"column":31},"end":{"line":335,"column":54}},{"start":{"line":335,"column":54},"end":{"line":335,"column":null}}],"line":335},"25":{"loc":{"start":{"line":348,"column":18},"end":{"line":348,"column":null}},"type":"cond-expr","locations":[{"start":{"line":348,"column":25},"end":{"line":348,"column":35}},{"start":{"line":348,"column":35},"end":{"line":348,"column":null}}],"line":348},"26":{"loc":{"start":{"line":364,"column":8},"end":{"line":368,"column":null}},"type":"if","locations":[{"start":{"line":364,"column":8},"end":{"line":368,"column":null}},{"start":{},"end":{}}],"line":364}},"s":{"0":1,"1":84,"2":84,"3":11,"4":52,"5":12,"6":10,"7":10,"8":1,"9":9,"10":3,"11":2,"12":2,"13":2,"14":0,"15":3,"16":3,"17":1,"18":2,"19":2,"20":2,"21":1,"22":1,"23":1,"24":1,"25":2,"26":2,"27":2,"28":2,"29":1,"30":1,"31":1,"32":2,"33":2,"34":2,"35":2,"36":1,"37":1,"38":1,"39":2,"40":2,"41":2,"42":2,"43":1,"44":1,"45":1,"46":1,"47":3,"48":3,"49":3,"50":1,"51":2,"52":3,"53":3,"54":3,"55":1,"56":1,"57":3,"58":3,"59":3,"60":3,"61":1,"62":1,"63":4,"64":4,"65":4,"66":1,"67":3,"68":2,"69":1,"70":3,"71":2,"72":1,"73":1,"74":2,"75":2,"76":2,"77":1,"78":1,"79":1,"80":13,"81":13,"82":13,"83":13,"84":13,"85":13,"86":13,"87":7,"88":13,"89":13,"90":13,"91":13,"92":2,"93":1,"94":1,"95":1,"96":1,"97":1,"98":1,"99":1,"100":1,"101":1,"102":1,"103":1,"104":1,"105":1,"106":1,"107":1,"108":1,"109":1,"110":1,"111":1,"112":1,"113":1,"114":1,"115":1,"116":1,"117":1,"118":1,"119":1,"120":1,"121":1,"122":8,"123":8},"f":{"0":84,"1":52,"2":12,"3":10,"4":3,"5":2,"6":2,"7":2,"8":3,"9":4,"10":2,"11":13,"12":13,"13":2,"14":1,"15":1,"16":1,"17":8},"b":{"0":[11,73],"1":[84,81,79,77,75],"2":[1,9],"3":[9,2,2,2,0],"4":[3],"5":[1,2],"6":[1,0],"7":[2],"8":[1,0],"9":[2],"10":[1,0],"11":[2],"12":[1,0],"13":[1,2],"14":[3,2,2],"15":[2,0],"16":[1,2],"17":[1,0],"18":[1,0],"19":[1,3],"20":[2,1],"21":[1,1],"22":[1,0],"23":[1,0],"24":[10,3],"25":[10,3],"26":[1,1]},"meta":{"lastBranch":27,"lastFunction":18,"lastStatement":124,"seen":{"s:13:28:13:Infinity":0,"f:18:14:18:37":0,"s:19:65:19:Infinity":1,"b:20:8:22:Infinity:undefined:undefined:undefined:undefined":0,"s:20:8:22:Infinity":2,"b:20:12:20:22:20:22:20:32:20:32:20:45:20:45:20:58:20:58:20:71":1,"s:21:12:21:Infinity":3,"f:26:4:26:33":1,"s:27:8:27:Infinity":4,"f:31:4:31:43":2,"s:32:8:37:Infinity":5,"f:41:10:41:24":3,"s:42:27:42:Infinity":6,"b:45:8:47:Infinity:undefined:undefined:undefined:undefined":2,"s:45:8:47:Infinity":7,"s:46:12:46:Infinity":8,"b:50:12:51:Infinity:52:12:53:Infinity:54:12:55:Infinity:56:12:57:Infinity:58:12:59:Infinity":3,"s:49:8:60:Infinity":9,"s:51:16:51:Infinity":10,"s:53:16:53:Infinity":11,"s:55:16:55:Infinity":12,"s:57:16:57:Infinity":13,"s:59:16:59:Infinity":14,"f:64:18:64:37":4,"s:65:96:65:Infinity":15,"b:65:89:65:92":4,"b:67:8:69:Infinity:undefined:undefined:undefined:undefined":5,"s:67:8:69:Infinity":16,"s:68:12:68:Infinity":17,"s:71:28:81:Infinity":18,"s:83:8:104:Infinity":19,"s:84:29:88:Infinity":20,"s:91:34:91:Infinity":21,"s:93:12:97:Infinity":22,"s:99:12:99:Infinity":23,"s:100:12:103:Infinity":24,"b:102:55:102:71:102:71:102:Infinity":6,"f:108:18:108:38":5,"s:109:88:109:Infinity":25,"b:109:81:109:84":7,"s:111:28:120:Infinity":26,"s:122:8:139:Infinity":27,"s:123:29:127:Infinity":28,"s:129:12:132:Infinity":29,"s:134:12:134:Infinity":30,"s:135:12:138:Infinity":31,"b:137:55:137:71:137:71:137:Infinity":8,"f:143:18:143:34":6,"s:144:88:144:Infinity":32,"b:144:81:144:84":9,"s:146:28:159:Infinity":33,"s:161:8:178:Infinity":34,"s:162:29:166:Infinity":35,"s:168:12:171:Infinity":36,"s:173:12:173:Infinity":37,"s:174:12:177:Infinity":38,"b:176:55:176:71:176:71:176:Infinity":10,"f:182:18:182:35":7,"s:183:88:183:Infinity":39,"b:183:81:183:84":11,"s:185:28:194:Infinity":40,"s:196:8:217:Infinity":41,"s:197:29:201:Infinity":42,"s:204:34:204:Infinity":43,"s:206:12:210:Infinity":44,"s:212:12:212:Infinity":45,"s:213:12:216:Infinity":46,"b:215:55:215:71:215:71:215:Infinity":12,"f:221:10:221:25":8,"s:222:8:267:Infinity":47,"s:223:65:223:Infinity":48,"b:226:12:228:Infinity:undefined:undefined:undefined:undefined":13,"s:226:12:228:Infinity":49,"b:226:16:226:30:226:30:226:44:226:44:226:52":14,"s:227:16:227:Infinity":50,"s:230:25:230:Infinity":51,"b:230:51:230:57:230:57:230:Infinity":15,"s:231:28:231:Infinity":52,"s:234:28:234:Infinity":53,"b:235:12:237:Infinity:undefined:undefined:undefined:undefined":16,"s:235:12:237:Infinity":54,"s:236:16:236:Infinity":55,"s:240:33:240:Infinity":56,"b:240:59:240:77:240:77:240:Infinity":17,"s:241:30:241:Infinity":57,"s:242:30:242:Infinity":58,"s:243:27:243:Infinity":59,"s:252:12:260:Infinity":60,"s:262:12:262:Infinity":61,"s:263:12:266:Infinity":62,"b:265:55:265:71:265:71:265:Infinity":18,"f:271:10:271:21":9,"s:272:43:272:Infinity":63,"s:274:8:306:Infinity":64,"b:276:12:282:Infinity:278:12:282:Infinity":19,"s:276:12:282:Infinity":65,"s:277:16:277:Infinity":66,"b:278:12:282:Infinity:280:19:282:Infinity":20,"s:278:12:282:Infinity":67,"s:279:16:279:Infinity":68,"s:281:16:281:Infinity":69,"s:284:29:290:Infinity":70,"s:292:12:299:Infinity":71,"b:298:48:298:82:298:82:298:Infinity":21,"s:301:12:301:Infinity":72,"s:302:12:305:Infinity":73,"b:304:55:304:71:304:71:304:Infinity":22,"f:310:10:310:21":10,"s:311:28:311:Infinity":74,"s:313:8:327:Infinity":75,"s:314:12:318:Infinity":76,"s:320:12:320:Infinity":77,"s:322:12:322:Infinity":78,"s:323:12:326:Infinity":79,"b:325:55:325:71:325:71:325:Infinity":23,"f:331:18:331:29":11,"s:332:24:332:Infinity":80,"s:333:26:333:Infinity":81,"s:334:25:334:Infinity":82,"s:335:24:335:Infinity":83,"b:335:31:335:54:335:54:335:Infinity":24,"s:338:26:338:Infinity":84,"s:339:30:339:Infinity":85,"s:341:25:349:Infinity":86,"b:348:25:348:35:348:35:348:Infinity":25,"s:351:8:351:Infinity":87,"f:355:12:355:30":12,"s:356:24:356:Infinity":88,"s:357:14:357:Infinity":89,"s:358:8:358:Infinity":90,"s:359:8:359:Infinity":91,"f:363:12:363:28":13,"b:364:8:368:Infinity:undefined:undefined:undefined:undefined":26,"s:364:8:368:Infinity":92,"s:366:12:366:Infinity":93,"s:367:12:367:Infinity":94,"s:370:14:370:Infinity":95,"s:371:8:371:Infinity":96,"s:372:8:372:Infinity":97,"f:376:12:376:28":14,"s:377:20:377:Infinity":98,"s:378:33:378:Infinity":99,"s:379:24:379:Infinity":100,"s:380:21:380:Infinity":101,"s:382:14:382:Infinity":102,"s:383:8:383:Infinity":103,"s:384:8:384:Infinity":104,"s:386:26:386:Infinity":105,"s:387:8:387:Infinity":106,"f:391:12:391:35":15,"s:392:26:392:Infinity":107,"s:393:25:393:Infinity":108,"s:394:27:394:Infinity":109,"s:396:24:396:Infinity":110,"s:397:14:397:Infinity":111,"s:398:8:398:Infinity":112,"s:399:24:399:Infinity":113,"s:401:8:407:Infinity":114,"f:411:12:411:33":16,"s:412:26:412:Infinity":115,"s:413:25:413:Infinity":116,"s:415:24:415:Infinity":117,"s:416:14:416:Infinity":118,"s:417:8:417:Infinity":119,"s:418:24:418:Infinity":120,"s:420:8:428:Infinity":121,"f:432:12:432:26":17,"s:433:27:433:Infinity":122,"s:434:8:434:Infinity":123}}}
[...]
}},"type":"if","locations":[{"start":{"line":103,"column":4},"end":{"line":103,"column":null}},{"start":{},"end":{}}],"line":103},"4":{"loc":{"start":{"line":115,"column":4},"end":{"line":115,"column":null}},"type":"default-arg","locations":[{"start":{"line":115,"column":30},"end":{"line":115,"column":null}}],"line":115},"5":{"loc":{"start":{"line":146,"column":8},"end":{"line":149,"column":null}},"type":"binary-expr","locations":[{"start":{"line":146,"column":8},"end":{"line":146,"column":null}},{"start":{"line":147,"column":8},"end":{"line":147,"column":null}},{"start":{"line":148,"column":8},"end":{"line":148,"column":null}},{"start":{"line":149,"column":8},"end":{"line":149,"column":null}}],"line":146},"6":{"loc":{"start":{"line":164,"column":4},"end":{"line":166,"column":null}},"type":"if","locations":[{"start":{"line":164,"column":4},"end":{"line":166,"column":null}},{"start":{},"end":{}}],"line":164},"7":{"loc":{"start":{"line":171,"column":4},"end":{"line":179,"column":null}},"type":"if","locations":[{"start":{"line":171,"column":4},"end":{"line":179,"column":null}},{"start":{},"end":{}}],"line":171},"8":{"loc":{"start":{"line":171,"column":8},"end":{"line":171,"column":56}},"type":"binary-expr","locations":[{"start":{"line":171,"column":8},"end":{"line":171,"column":28}},{"start":{"line":171,"column":28},"end":{"line":171,"column":49}},{"start":{"line":171,"column":49},"end":{"line":171,"column":56}}],"line":171},"9":{"loc":{"start":{"line":183,"column":16},"end":{"line":183,"column":null}},"type":"binary-expr","locations":[{"start":{"line":183,"column":16},"end":{"line":183,"column":38}},{"start":{"line":183,"column":38},"end":{"line":183,"column":null}}],"line":183},"10":{"loc":{"start":{"line":198,"column":4},"end":{"line":200,"column":null}},"type":"if","locations":[{"start":{"line":198,"column":4},"end":{"line":200,"column":null}},{"start":{},"end":{}}],"line":198},"11":{"loc":{"start":{"line":205,"column":4},"end":{"line":213,"column":null}},"type":"if","locations":[{"start":{"line":205,"column":4},"end":{"line":213,"column":null}},{"start":{},"end":{}}],"line":205},"12":{"loc":{"start":{"line":205,"column":8},"end":{"line":205,"column":56}},"type":"binary-expr","locations":[{"start":{"line":205,"column":8},"end":{"line":205,"column":28}},{"start":{"line":205,"column":28},"end":{"line":205,"column":49}},{"start":{"line":205,"column":49},"end":{"line":205,"column":56}}],"line":205},"13":{"loc":{"start":{"line":217,"column":16},"end":{"line":217,"column":null}},"type":"binary-expr","locations":[{"start":{"line":217,"column":16},"end":{"line":217,"column":38}},{"start":{"line":217,"column":38},"end":{"line":217,"column":null}}],"line":217},"14":{"loc":{"start":{"line":229,"column":8},"end":{"line":231,"column":null}},"type":"binary-expr","locations":[{"start":{"line":229,"column":8},"end":{"line":229,"column":null}},{"start":{"line":230,"column":9},"end":{"line":230,"column":36}},{"start":{"line":230,"column":36},"end":{"line":230,"column":null}},{"start":{"line":231,"column":8},"end":{"line":231,"column":null}}],"line":229},"15":{"loc":{"start":{"line":241,"column":4},"end":{"line":243,"column":null}},"type":"if","locations":[{"start":{"line":241,"column":4},"end":{"line":243,"column":null}},{"start":{},"end":{}}],"line":241},"16":{"loc":{"start":{"line":244,"column":4},"end":{"line":246,"column":null}},"type":"if","locations":[{"start":{"line":244,"column":4},"end":{"line":246,"column":null}},{"start":{},"end":{}}],"line":244},"17":{"loc":{"start":{"line":247,"column":4},"end":{"line":249,"column":null}},"type":"if","locations":[{"start":{"line":247,"column":4},"end":{"line":249,"column":null}},{"start":{},"end":{}}],"line":247},"18":{"loc":{"start":{"line":250,"column":4},"end":{"line":252,"column":null}},"type":"if","locations":[{"start":{"line":250,"column":4},"end":{"line":252,"column":null}},{"start":{},"end":{}}],"line":250},"19":{"loc":{"start":{"line":250,"column":8},"end":{"line":250,"column":56}},"type":"binary-expr","locations":[{"start":{"line":250,"column":8},"end":{"line":250,"column":26}},{"start":{"line":250,"column":26},"end":{"line":250,"column":56}}],"line":250},"20":{"loc":{"start":{"line":272,"column":4},"end":{"line":280,"column":null}},"type":"if","locations":[{"start":{"line":272,"column":4},"end":{"line":280,"column":null}},{"start":{},"end":{}}],"line":272},"21":{"loc":{"start":{"line":287,"column":4},"end":{"line":301,"column":null}},"type":"if","locations":[{"start":{"line":287,"column":4},"end":{"line":301,"column":null}},{"start":{},"end":{}}],"line":287},"22":{"loc":{"start":{"line":287,"column":4},"end":{"line":292,"column":null}},"type":"binary-expr","locations":[{"start":{"line":288,"column":9},"end":{"line":288,"column":null}},{"start":{"line":289,"column":12},"end":{"line":289,"column":null}},{"start":{"line":290,"column":8},"end":{"line":290,"column":null}},{"start":{"line":291,"column":8},"end":{"line":291,"column":null}},{"start":{"line":292,"column":8},"end":{"line":292,"column":null}}],"line":287},"23":{"loc":{"start":{"line":304,"column":4},"end":{"line":317,"column":null}},"type":"if","locations":[{"start":{"line":304,"column":4},"end":{"line":317,"column":null}},{"start":{},"end":{}}],"line":304},"24":{"loc":{"start":{"line":304,"column":4},"end":{"line":307,"column":null}},"type":"binary-expr","locations":[{"start":{"line":305,"column":9},"end":{"line":305,"column":null}},{"start":{"line":306,"column":12},"end":{"line":306,"column":null}},{"start":{"line":307,"column":8},"end":{"line":307,"column":null}}],"line":304},"25":{"loc":{"start":{"line":312,"column":8},"end":{"line":316,"column":null}},"type":"if","locations":[{"start":{"line":312,"column":8},"end":{"line":316,"column":null}},{"start":{"line":314,"column":15},"end":{"line":316,"column":null}}],"line":312},"26":{"loc":{"start":{"line":345,"column":31},"end":{"line":345,"column":null}},"type":"binary-expr","locations":[{"start":{"line":345,"column":31},"end":{"line":345,"column":62}},{"start":{"line":345,"column":62},"end":{"line":345,"column":null}}],"line":345},"27":{"loc":{"start":{"line":350,"column":8},"end":{"line":351,"column":null}},"type":"binary-expr","locations":[{"start":{"line":350,"column":8},"end":{"line":350,"column":null}},{"start":{"line":351,"column":9},"end":{"line":351,"column":null}}],"line":350},"28":{"loc":{"start":{"line":351,"column":9},"end":{"line":351,"column":null}},"type":"cond-expr","locations":[{"start":{"line":351,"column":38},"end":{"line":351,"column":72}},{"start":{"line":351,"column":72},"end":{"line":351,"column":null}}],"line":351},"29":{"loc":{"start":{"line":387,"column":4},"end":{"line":389,"column":null}},"type":"if","locations":[{"start":{"line":387,"column":4},"end":{"line":389,"column":null}},{"start":{},"end":{}}],"line":387},"30":{"loc":{"start":{"line":392,"column":4},"end":{"line":394,"column":null}},"type":"if","locations":[{"start":{"line":392,"column":4},"end":{"line":394,"column":null}},{"start":{},"end":{}}],"line":392},"31":{"loc":{"start":{"line":397,"column":4},"end":{"line":399,"column":null}},"type":"if","locations":[{"start":{"line":397,"column":4},"end":{"line":399,"column":null}},{"start":{},"end":{}}],"line":397},"32":{"loc":{"start":{"line":402,"column":4},"end":{"line":407,"column":null}},"type":"if","locations":[{"start":{"line":402,"column":4},"end":{"line":407,"column":null}},{"start":{},"end":{}}],"line":402},"33":{"loc":{"start":{"line":403,"column":8},"end":{"line":404,"column":null}},"type":"binary-expr","locations":[{"start":{"line":403,"column":8},"end":{"line":403,"column":null}},{"start":{"line":404,"column":8},"end":{"line":404,"column":null}}],"line":403},"34":{"loc":{"start":{"line":488,"column":12},"end":{"line":491,"column":null}},"type":"binary-expr","locations":[{"start":{"line":488,"column":12},"end":{"line":488,"column":null}},{"start":{"line":489,"column":12},"end":{"line":489,"column":null}},{"start":{"line":490,"column":12},"end":{"line":490,"column":null}},{"start":{"line":491,"column":12},"end":{"line":491,"column":null}}],"line":488},"35":{"loc":{"start":{"line":521,"column":4},"end":{"line":527,"column":null}},"type":"if","locations":[{"start":{"line":521,"column":4},"end":{"line":527,"column":null}},{"start":{},"end":{}}],"line":521},"36":{"loc":{"start":{"line":533,"column":8},"end":{"line":533,"column":null}},"type":"if","locations":[{"start":{"line":533,"column":8},"end":{"line":533,"column":null}},{"start":{},"end":{}}],"line":533},"37":{"loc":{"start":{"line":536,"column":8},"end":{"line":542,"column":null}},"type":"if","locations":[{"start":{"line":536,"column":8},"end":{"line":542,"column":null}},{"start":{},"end":{}}],"line":536},"38":{"loc":{"start":{"line":564,"column":8},"end":{"line":566,"column":null}},"type":"binary-expr","locations":[{"start":{"line":564,"column":8},"end":{"line":564,"column":null}},{"start":{"line":565,"column":8},"end":{"line":565,"column":null}},{"start":{"line":566,"column":8},"end":{"line":566,"column":null}}],"line":564},"39":{"loc":{"start":{"line":586,"column":4},"end":{"line":610,"column":null}},"type":"if","locations":[{"start":{"line":586,"column":4},"end":{"line":610,"column":null}},{"start":{"line":606,"column":4},"end":{"line":610,"column":null}}],"line":586},"40":{"loc":{"start":{"line":586,"column":8},"end":{"line":586,"column":58}},"type":"binary-expr","locations":[{"start":{"line":586,"column":8},"end":{"line":586,"column":51}},{"start":{"line":586,"column":51},"end":{"line":586,"column":58}}],"line":586},"41":{"loc":{"start":{"line":589,"column":12},"end":{"line":591,"column":null}},"type":"cond-expr","locations":[{"start":{"line":590,"column":18},"end":{"line":590,"column":null}},{"start":{"line":591,"column":18},"end":{"line":591,"column":null}}],"line":589},"42":{"loc":{"start":{"line":602,"column":8},"end":{"line":605,"column":null}},"type":"if","locations":[{"start":{"line":602,"column":8},"end":{"line":605,"column":null}},{"start":{},"end":{}}],"line":602},"43":{"loc":{"start":{"line":606,"column":4},"end":{"line":610,"column":null}},"type":"if","locations":[{"start":{"line":606,"column":4},"end":{"line":610,"column":null}},{"start":{},"end":{}}],"line":606},"44":{"loc":{"start":{"line":608,"column":17},"end":{"line":608,"column":null}},"type":"binary-expr","locations":[{"start":{"line":608,"column":17},"end":{"line":608,"column":40}},{"start":{"line":608,"column":40},"end":{"line":608,"column":null}}],"line":608}},"s":{"0":8,"1":0,"2":8,"3":9302,"4":8,"5":3671,"6":8,"7":100,"8":100,"9":8,"10":408,"11":8,"12":401,"13":3995,"14":8,"15":6,"16":18,"17":8,"18":1219,"19":8,"20":300,"21":200,"22":100,"23":8,"24":1853,"25":1853,"26":1853,"27":8,"28":2500,"29":2500,"30":8,"31":1000,"32":600,"33":400,"34":400,"35":300,"36":400,"37":8,"38":800,"39":300,"40":500,"41":500,"42":400,"43":500,"44":8,"45":104,"46":104,"47":8,"48":1004,"49":131,"50":873,"51":138,"52":735,"53":134,"54":601,"55":1,"56":600,"57":8,"58":1000,"59":1000,"60":400,"61":600,"62":600,"63":600,"64":600,"65":449,"66":600,"67":351,"68":351,"69":200,"70":151,"71":600,"72":8,"73":400,"74":400,"75":400,"76":400,"77":400,"78":400,"79":400,"80":400,"81":400,"82":8,"83":5,"84":1,"85":4,"86":1,"87":3,"88":1,"89":2,"90":1,"91":1,"92":8,"93":600,"94":600,"95":600,"96":793,"97":793,"98":600,"99":8,"100":402,"101":2075,"102":8,"103":407,"104":1253,"105":8,"106":101,"107":280,"108":8,"109":302,"110":302,"111":963,"112":302,"113":100,"114":202,"115":202,"116":202,"117":434,"118":194,"119":240,"120":240,"121":240,"122":240,"123":202,"124":8,"125":100,"126":100,"127":100,"128":8,"129":103,"130":8,"131":700,"132":700,"133":700,"134":700,"135":400,"136":400,"137":400,"138":400,"139":400,"140":300,"141":300,"142":300,"143":700},"f":{"0":0,"1":9302,"2":3671,"3":100,"4":408,"5":401,"6":3995,"7":6,"8":18,"9":1219,"10":300,"11":1853,"12":2500,"13":1000,"14":800,"15":104,"16":1004,"17":1000,"18":400,"19":5,"20":600,"21":793,"22":793,"23":402,"24":2075,"25":407,"26":1253,"27":101,"28":280,"29":302,"30":963,"31":100,"32":103,"33":700},"b":{"0":[408,307],"1":[18,8],"2":[1219,860,483],"3":[200,100],"4":[1853],"5":[2500,2000,1500,1000],"6":[600,400],"7":[300,100],"8":[400,300,300],"9":[400,100],"10":[300,500],"11":[400,100],"12":[500,400,400],"13":[500,100],"14":[104,101,101,100],"15":[131,873],"16":[138,735],"17":[134,601],"18":[1,600],"19":[601,601],"20":[400,600],"21":[449,151],"22":[600,351,449,449,449],"23":[351,249],"24":[600,449,351],"25":[200,151],"26":[400,0],"27":[400,0],"28":[0,0],"29":[1,4],"30":[1,3],"31":[1,2],"32":[1,1],"33":[2,2],"34":[1253,1250,1249,1248],"35":[100,202],"36":[194,240],"37":[240,0],"38":[103,101,100],"39":[400,300],"40":[700,400],"41":[151,249],"42":[400,0],"43":[300,0],"44":[300,0]},"meta":{"lastBranch":45,"lastFunction":34,"lastStatement":144,"seen":{"s:30:19:30:Infinity":0,"f:30:19:30:31":0,"s:30:31:30:Infinity":1,"s:35:27:37:Infinity":2,"f:35:27:35:28":1,"s:36:4:36:Infinity":3,"s:42:23:44:Infinity":4,"f:42:23:42:24":2,"s:43:4:43:Infinity":5,"s:49:27:52:Infinity":6,"f:49:27:49:28":3,"s:50:17:50:Infinity":7,"s:51:4:51:Infinity":8,"s:59:29:61:Infinity":9,"f:59:29:59:30":4,"s:60:4:60:Infinity":10,"b:60:11:60:33:60:33:60:Infinity":0,"s:66:37:70:Infinity":11,"f:66:37:66:Infinity":5,"s:69:4:69:Infinity":12,"f:69:28:69:29":6,"s:69:38:69:63":13,"s:75:31:84:Infinity":14,"f:75:31:75:Infinity":7,"s:79:4:83:Infinity":15,"f:80:8:80:9":8,"s:81:12:82:Infinity":16,"b:81:12:81:Infinity:82:12:82:Infinity":1,"s:91:33:97:Infinity":17,"f:91:33:91:34":9,"s:92:4:95:Infinity":18,"b:93:8:93:Infinity:94:8:94:Infinity:95:8:95:Infinity":2,"s:102:32:105:Infinity":19,"f:102:32:102:33":10,"b:103:4:103:Infinity:undefined:undefined:undefined:undefined":3,"s:103:4:103:Infinity":20,"s:103:40:103:Infinity":21,"s:104:4:104:Infinity":22,"s:110:40:136:Infinity":23,"f:110:40:110:Infinity":11,"b:115:30:115:Infinity":4,"s:117:22:117:Infinity":24,"s:118:20:118:Infinity":25,"s:120:4:135:Infinity":26,"s:143:32:151:Infinity":27,"f:143:32:143:33":12,"s:144:24:144:Infinity":28,"s:145:4:149:Infinity":29,"b:146:8:146:Infinity:147:8:147:Infinity:148:8:148:Infinity:149:8:149:Infinity":5,"s:156:36:185:Infinity":30,"f:156:36:156:Infinity":13,"b:164:4:166:Infinity:undefined:undefined:undefined:undefined":6,"s:164:4:166:Infinity":31,"s:165:8:165:Infinity":32,"s:168:48:168:Infinity":33,"b:171:4:179:Infinity:undefined:undefined:undefined:undefined":7,"s:171:4:179:Infinity":34,"b:171:8:171:28:171:28:171:49:171:49:171:56":8,"s:172:8:178:Infinity":35,"s:181:4:184:Infinity":36,"b:183:16:183:38:183:38:183:Infinity":9,"s:190:40:219:Infinity":37,"f:190:40:190:Infinity":14,"b:198:4:200:Infinity:undefined:undefined:undefined:undefined":10,"s:198:4:200:Infinity":38,"s:199:8:199:Infinity":39,"s:202:48:202:Infinity":40,"b:205:4:213:Infinity:undefined:undefined:undefined:undefined":11,"s:205:4:213:Infinity":41,"b:205:8:205:28:205:28:205:49:205:49:205:56":12,"s:206:8:212:Infinity":42,"s:215:4:218:Infinity":43,"b:217:16:217:38:217:38:217:Infinity":13,"s:226:37:233:Infinity":44,"f:226:37:226:38":15,"s:227:24:227:Infinity":45,"s:228:4:231:Infinity":46,"b:229:8:229:Infinity:230:9:230:36:230:36:230:Infinity:231:8:231:Infinity":14,"s:238:45:254:Infinity":47,"f:238:45:238:Infinity":16,"b:241:4:243:Infinity:undefined:undefined:undefined:undefined":15,"s:241:4:243:Infinity":48,"s:242:8:242:Infinity":49,"b:244:4:246:Infinity:undefined:undefined:undefined:undefined":16,"s:244:4:246:Infinity":50,"s:245:8:245:Infinity":51,"b:247:4:249:Infinity:undefined:undefined:undefined:undefined":17,"s:247:4:249:Infinity":52,"s:248:8:248:Infinity":53,"b:250:4:252:Infinity:undefined:undefined:undefined:undefined":18,"s:250:4:252:Infinity":54,"b:250:8:250:26:250:26:250:56":19,"s:251:8:251:Infinity":55,"s:253:4:253:Infinity":56,"s:259:34:326:Infinity":57,"f:259:34:259:Infinity":17,"s:271:25:271:Infinity":58,"b:272:4:280:Infinity:undefined:undefined:undefined:undefined":20,"s:272:4:280:Infinity":59,"s:273:8:279:Infinity":60,"s:282:48:282:Infinity":61,"s:283:17:283:Infinity":62,"s:284:38:284:Infinity":63,"b:287:4:301:Infinity:undefined:undefined:undefined:undefined":21,"s:287:4:301:Infinity":64,"b:288:9:288:Infinity:289:12:289:Infinity:290:8:290:Infinity:291:8:291:Infinity:292:8:292:Infinity":22,"s:294:8:300:Infinity":65,"b:304:4:317:Infinity:undefined:undefined:undefined:undefined":23,"s:304:4:317:Infinity":66,"b:305:9:305:Infinity:306:12:306:Infinity:307:8:307:Infinity":24,"s:309:8:309:Infinity":67,"b:312:8:316:Infinity:314:15:316:Infinity":25,"s:312:8:316:Infinity":68,"s:313:12:313:Infinity":69,"s:315:12:315:Infinity":70,"s:319:4:325:Infinity":71,"s:333:37:377:Infinity":72,"f:333:37:333:Infinity":18,"s:345:31:345:Infinity":73,"b:345:31:345:62:345:62:345:Infinity":26,"s:346:30:346:Infinity":74,"s:350:8:351:Infinity":75,"b:350:8:350:Infinity:351:9:351:Infinity":27,"b:351:38:351:72:351:72:351:Infinity":28,"s:352:29:352:Infinity":76,"s:356:8:356:Infinity":77,"s:360:8:360:Infinity":78,"s:363:25:366:Infinity":79,"s:369:30:369:Infinity":80,"s:371:4:376:Infinity":81,"s:382:26:410:Infinity":82,"f:382:26:382:Infinity":19,"b:387:4:389:Infinity:undefined:undefined:undefined:undefined":29,"s:387:4:389:Infinity":83,"s:388:8:388:Infinity":84,"b:392:4:394:Infinity:undefined:undefined:undefined:undefined":30,"s:392:4:394:Infinity":85,"s:393:8:393:Infinity":86,"b:397:4:399:Infinity:undefined:undefined:undefined:undefined":31,"s:397:4:399:Infinity":87,"s:398:8:398:Infinity":88,"b:402:4:407:Infinity:undefined:undefined:undefined:undefined":32,"s:402:4:407:Infinity":89,"b:403:8:403:Infinity:404:8:404:Infinity":33,"s:406:8:406:Infinity":90,"s:409:4:409:Infinity":91,"s:415:41:465:Infinity":92,"f:415:41:415:Infinity":20,"s:426:46:430:Infinity":93,"s:433:46:448:Infinity":94,"s:451:30:457:Infinity":95,"f:452:16:452:17":21,"s:452:23:452:66":96,"f:453:13:453:14":22,"s:453:21:457:10":97,"s:459:4:464:Infinity":98,"s:472:34:478:Infinity":99,"f:472:34:472:Infinity":23,"s:475:4:477:Infinity":100,"f:476:8:476:9":24,"s:476:18:476:Infinity":101,"s:483:36:493:Infinity":102,"f:483:36:483:Infinity":25,"s:486:4:492:Infinity":103,"f:487:8:487:9":26,"s:488:12:491:Infinity":104,"b:488:12:488:Infinity:489:12:489:Infinity:490:12:490:Infinity:491:12:491:Infinity":34,"s:498:39:505:Infinity":105,"f:498:39:498:Infinity":27,"s:501:4:504:Infinity":106,"f:502:8:502:9":28,"s:502:20:502:Infinity":107,"s:510:37:546:Infinity":108,"f:510:37:510:Infinity":29,"s:518:25:518:Infinity":109,"s:519:27:519:Infinity":110,"f:519:47:519:48":30,"s:519:59:519:78":111,"b:521:4:527:Infinity:undefined:undefined:undefined:undefined":35,"s:521:4:527:Infinity":112,"s:522:8:526:Infinity":113,"s:529:29:529:Infinity":114,"s:530:68:530:Infinity":115,"s:532:4:543:Infinity":116,"b:533:8:533:Infinity:undefined:undefined:undefined:undefined":36,"s:533:8:533:Infinity":117,"s:533:37:533:Infinity":118,"s:535:34:535:Infinity":119,"b:536:8:542:Infinity:undefined:undefined:undefined:undefined":37,"s:536:8:542:Infinity":120,"s:537:12:540:Infinity":121,"s:541:12:541:Infinity":122,"s:545:4:545:Infinity":123,"s:553:31:557:Infinity":124,"f:553:31:553:45":31,"s:554:22:554:Infinity":125,"s:555:19:555:Infinity":126,"s:556:4:556:Infinity":127,"s:562:30:568:Infinity":128,"f:562:30:562:31":32,"s:563:4:566:Infinity":129,"b:564:8:564:Infinity:565:8:565:Infinity:566:8:566:Infinity":38,"s:573:38:613:Infinity":130,"f:573:38:573:Infinity":33,"s:582:48:582:Infinity":131,"s:583:17:583:Infinity":132,"s:584:38:584:Infinity":133,"b:586:4:610:Infinity:606:4:610:Infinity":39,"s:586:4:610:Infinity":134,"b:586:8:586:51:586:51:586:58":40,"s:589:12:591:Infinity":135,"b:590:18:590:Infinity:591:18:591:Infinity":41,"s:593:8:599:Infinity":136,"b:602:8:605:Infinity:undefined:undefined:undefined:undefined":42,"s:602:8:605:Infinity":137,"s:603:12:603:Infinity":138,"s:604:12:604:Infinity":139,"b:606:4:610:Infinity:undefined:undefined:undefined:undefined":43,"s:606:4:610:Infinity":140,"s:608:8:608:Infinity":141,"b:608:17:608:40:608:40:608:Infinity":44,"s:609:8:609:Infinity":142,"s:612:4:612:Infinity":143}}}
}
